>>>>>>>>>>>>>>>> [['void', 'ns3::Ptr<ns3::Socket>', 'ns3::empty', 'ns3::empty', 'ns3::empty', 'ns3::empty', 'ns3::empty', 'ns3::empty', 'ns3::empty', 'ns3::empty'], ['void', 'ns3::Ptr<ns3::Socket>', 'unsigned int', 'ns3::empty', 'ns3::empty', 'ns3::empty', 'ns3::empty', 'ns3::empty', 'ns3::empty', 'ns3::empty'], ['void', 'ns3::Ptr<ns3::Socket>', 'ns3::Address const&', 'ns3::empty', 'ns3::empty', 'ns3::empty', 'ns3::empty', 'ns3::empty', 'ns3::empty', 'ns3::empty'], ['bool', 'ns3::Ptr<ns3::Socket>', 'ns3::Address const&', 'ns3::empty', 'ns3::empty', 'ns3::empty', 'ns3::empty', 'ns3::empty', 'ns3::empty', 'ns3::empty'], ['void', 'ns3::Ptr<ns3::NetDevice>', 'ns3::Ptr<ns3::Packet const>', 'unsigned short', 'ns3::Address const&', 'ns3::Address const&', 'ns3::NetDevice::PacketType', 'ns3::empty', 'ns3::empty', 'ns3::empty']]
***** registering callback handler: 'ns3::Callback< void, ns3::Ptr< ns3::Socket >, ns3::empty, ns3::empty, ns3::empty, ns3::empty, ns3::empty, ns3::empty, ns3::empty, ns3::empty >'
***** registering callback handler: 'ns3::Callback< void, ns3::Ptr< ns3::Socket >, unsigned int, ns3::empty, ns3::empty, ns3::empty, ns3::empty, ns3::empty, ns3::empty, ns3::empty >'
***** registering callback handler: 'ns3::Callback< void, ns3::Ptr< ns3::Socket >, ns3::Address const &, ns3::empty, ns3::empty, ns3::empty, ns3::empty, ns3::empty, ns3::empty, ns3::empty >'
***** registering callback handler: 'ns3::Callback< bool, ns3::Ptr< ns3::Socket >, ns3::Address const &, ns3::empty, ns3::empty, ns3::empty, ns3::empty, ns3::empty, ns3::empty, ns3::empty >'
***** registering callback handler: 'ns3::Callback< void, ns3::Ptr< ns3::NetDevice >, ns3::Ptr< ns3::Packet const >, unsigned short, ns3::Address const &, ns3::Address const &, ns3::NetDevice::PacketType, ns3::empty, ns3::empty, ns3::empty >'
/home/brook/nsuser/ns-allinone-3.15/ns-3.15/src/csma-layout/bindings/modulegen__gcc_ILP32.py:509: Warning: exception TypeConfigurationError('direction not given',) in wrapper <pybindgen.cppmethod.CppConstructor object at 0xa3bcdec>
  cls.add_constructor([param('uint8_t', 'type'), param('uint8_t const *', 'buffer'), param('uint8_t', 'len')])
/home/brook/nsuser/ns-allinone-3.15/ns-3.15/src/csma-layout/bindings/modulegen__gcc_ILP32.py:520: Warning: exception TypeConfigurationError('direction not given',) in wrapper public: retval? ???::CopyAllFrom (params?);
  [param('uint8_t const *', 'buffer'), param('uint8_t', 'len')])
/home/brook/nsuser/ns-allinone-3.15/ns-3.15/src/csma-layout/bindings/modulegen__gcc_ILP32.py:525: Warning: exception TypeConfigurationError('direction not given',) in wrapper public: retval? ???::CopyAllTo (params?) const;
  is_const=True)
/home/brook/nsuser/ns-allinone-3.15/ns-3.15/src/csma-layout/bindings/modulegen__gcc_ILP32.py:529: Warning: exception TypeConfigurationError('direction not given',) in wrapper public: retval? ???::CopyFrom (params?);
  [param('uint8_t const *', 'buffer'), param('uint8_t', 'len')])
/home/brook/nsuser/ns-allinone-3.15/ns-3.15/src/csma-layout/bindings/modulegen__gcc_ILP32.py:534: Warning: exception TypeConfigurationError('direction not given',) in wrapper public: retval? ???::CopyTo (params?) const;
  is_const=True)
/home/brook/nsuser/ns-allinone-3.15/ns-3.15/src/csma-layout/bindings/modulegen__gcc_ILP32.py:823: Warning: exception TypeLookupError(['std::_List_const_iterator< ns3::AttributeConstructionList::Item >'],) in wrapper public: retval? ???::Begin (params?) const;
  is_const=True)
/home/brook/nsuser/ns-allinone-3.15/ns-3.15/src/csma-layout/bindings/modulegen__gcc_ILP32.py:828: Warning: exception TypeLookupError(['std::_List_const_iterator< ns3::AttributeConstructionList::Item >'],) in wrapper public: retval? ???::End (params?) const;
  is_const=True)
/home/brook/nsuser/ns-allinone-3.15/ns-3.15/src/csma-layout/bindings/modulegen__gcc_ILP32.py:879: Warning: exception TypeLookupError(['std::ostream *'],) in wrapper public: retval? ???::CopyData (params?) const;
  is_const=True)
/home/brook/nsuser/ns-allinone-3.15/ns-3.15/src/csma-layout/bindings/modulegen__gcc_ILP32.py:884: Warning: exception TypeConfigurationError('direction not given',) in wrapper public: retval? ???::CopyData (params?) const;
  is_const=True)
/home/brook/nsuser/ns-allinone-3.15/ns-3.15/src/csma-layout/bindings/modulegen__gcc_ILP32.py:898: Warning: exception TypeConfigurationError('direction not given',) in wrapper public: retval? ???::Deserialize (params?);
  [param('uint8_t const *', 'buffer'), param('uint32_t', 'size')])
/home/brook/nsuser/ns-allinone-3.15/ns-3.15/src/csma-layout/bindings/modulegen__gcc_ILP32.py:928: Warning: exception TypeLookupError(['uint8_t *'],) in wrapper public: retval? ???::PeekData (params?) const;
  is_const=True)
/home/brook/nsuser/ns-allinone-3.15/ns-3.15/src/csma-layout/bindings/modulegen__gcc_ILP32.py:941: Warning: exception TypeConfigurationError('direction not given',) in wrapper public: retval? ???::Serialize (params?) const;
  is_const=True)
/home/brook/nsuser/ns-allinone-3.15/ns-3.15/src/csma-layout/bindings/modulegen__gcc_ILP32.py:996: Warning: exception TypeConfigurationError('direction not given',) in wrapper public: retval? ???::Read (params?);
  [param('uint8_t *', 'buffer'), param('uint32_t', 'size')])
/home/brook/nsuser/ns-allinone-3.15/ns-3.15/src/csma-layout/bindings/modulegen__gcc_ILP32.py:1040: Warning: exception TypeConfigurationError('direction not given',) in wrapper public: retval? ???::Write (params?);
  [param('uint8_t const *', 'buffer'), param('uint32_t', 'size')])
/home/brook/nsuser/ns-allinone-3.15/ns-3.15/src/csma-layout/bindings/modulegen__gcc_ILP32.py:1222: Warning: exception TypeLookupError(['ns3::Ptr< ns3::CsmaNetDevice >', 'ns3::CsmaNetDevice *'],) in wrapper <pybindgen.cppmethod.CppConstructor object at 0xa5bdbcc>
  cls.add_constructor([param('ns3::Ptr< ns3::CsmaNetDevice >', 'device')])
bindings/python/ns3modulegen-modular.py:27: UserWarning: exception TypeLookupError(['ns3::Ptr< ns3::CsmaNetDevice >', 'ns3::CsmaNetDevice *'],) in wrapper None
  warnings.warn("exception %r in wrapper %s" % (exception, wrapper))
/home/brook/nsuser/ns-allinone-3.15/ns-3.15/src/csma-layout/bindings/modulegen__gcc_ILP32.py:1335: Warning: exception TypeLookupError(['ns3::Ptr< ns3::EventImpl > &'],) in wrapper <pybindgen.cppmethod.CppConstructor object at 0xa5dfbec>
  cls.add_constructor([param('ns3::Ptr< ns3::EventImpl > const &', 'impl'), param('uint64_t', 'ts'), param('uint32_t', 'context'), param('uint32_t', 'uid')])
/home/brook/nsuser/ns-allinone-3.15/ns-3.15/src/csma-layout/bindings/modulegen__gcc_ILP32.py:1369: Warning: exception TypeConfigurationError('Either caller_owns_return or self.reference_existing_object must be given',) in wrapper public: retval? ???::PeekEventImpl (params?) const;
  is_const=True)
/home/brook/nsuser/ns-allinone-3.15/ns-3.15/src/csma-layout/bindings/modulegen__gcc_ILP32.py:1448: Warning: exception TypeConfigurationError('direction not given',) in wrapper public: retval? ???::Deserialize (params?);
  is_static=True)
/home/brook/nsuser/ns-allinone-3.15/ns-3.15/src/csma-layout/bindings/modulegen__gcc_ILP32.py:1513: Warning: exception TypeLookupError(['std::ostream &'],) in wrapper public: retval? ???::Print (params?) const;
  is_const=True)
/home/brook/nsuser/ns-allinone-3.15/ns-3.15/src/csma-layout/bindings/modulegen__gcc_ILP32.py:1518: Warning: exception TypeConfigurationError('direction not given',) in wrapper public: retval? ???::Serialize (params?) const;
  is_const=True)
/home/brook/nsuser/ns-allinone-3.15/ns-3.15/src/csma-layout/bindings/modulegen__gcc_ILP32.py:1631: Warning: exception TypeLookupError(['std::pair< ns3::Ptr< ns3::Ipv4 >, unsigned int >'],) in wrapper public: retval? ???::Add (params?);
  [param('std::pair< ns3::Ptr< ns3::Ipv4 >, unsigned int >', 'ipInterfacePair')])
/home/brook/nsuser/ns-allinone-3.15/ns-3.15/src/csma-layout/bindings/modulegen__gcc_ILP32.py:1640: Warning: exception TypeLookupError(['__gnu_cxx::__normal_iterator< std::pair< ns3::Ptr< ns3::Ipv4 >, unsigned int > const, std::vector< std::pair< ns3::Ptr< ns3::Ipv4 >, unsigned int > > >'],) in wrapper public: retval? ???::Begin (params?) const;
  is_const=True)
/home/brook/nsuser/ns-allinone-3.15/ns-3.15/src/csma-layout/bindings/modulegen__gcc_ILP32.py:1645: Warning: exception TypeLookupError(['__gnu_cxx::__normal_iterator< std::pair< ns3::Ptr< ns3::Ipv4 >, unsigned int > const, std::vector< std::pair< ns3::Ptr< ns3::Ipv4 >, unsigned int > > >'],) in wrapper public: retval? ???::End (params?) const;
  is_const=True)
/home/brook/nsuser/ns-allinone-3.15/ns-3.15/src/csma-layout/bindings/modulegen__gcc_ILP32.py:1650: Warning: exception TypeLookupError(['std::pair< ns3::Ptr< ns3::Ipv4 >, unsigned int >'],) in wrapper public: retval? ???::Get (params?) const;
  is_const=True)
/home/brook/nsuser/ns-allinone-3.15/ns-3.15/src/csma-layout/bindings/modulegen__gcc_ILP32.py:1723: Warning: exception TypeLookupError(['std::ostream &'],) in wrapper public: retval? ???::Print (params?) const;
  is_const=True)
/home/brook/nsuser/ns-allinone-3.15/ns-3.15/src/csma-layout/bindings/modulegen__gcc_ILP32.py:1740: Warning: exception TypeConfigurationError('direction not given',) in wrapper <pybindgen.cppmethod.CppConstructor object at 0xa6ad98c>
  cls.add_constructor([param('uint8_t *', 'address')])
/home/brook/nsuser/ns-allinone-3.15/ns-3.15/src/csma-layout/bindings/modulegen__gcc_ILP32.py:1758: Warning: exception TypeConfigurationError('direction not given',) in wrapper public: retval? ???::Deserialize (params?);
  is_static=True)
/home/brook/nsuser/ns-allinone-3.15/ns-3.15/src/csma-layout/bindings/modulegen__gcc_ILP32.py:1783: Warning: exception TypeConfigurationError('direction not given',) in wrapper public: retval? ???::GetBytes (params?) const;
  is_const=True)
/home/brook/nsuser/ns-allinone-3.15/ns-3.15/src/csma-layout/bindings/modulegen__gcc_ILP32.py:1867: Warning: exception TypeLookupError(['ns3::Mac48Address'],) in wrapper public: retval? ???::MakeAutoconfiguredAddress (params?);
  is_static=True)
/home/brook/nsuser/ns-allinone-3.15/ns-3.15/src/csma-layout/bindings/modulegen__gcc_ILP32.py:1872: Warning: exception TypeLookupError(['ns3::Mac48Address'],) in wrapper public: retval? ???::MakeAutoconfiguredLinkLocalAddress (params?);
  is_static=True)
/home/brook/nsuser/ns-allinone-3.15/ns-3.15/src/csma-layout/bindings/modulegen__gcc_ILP32.py:1887: Warning: exception TypeLookupError(['std::ostream &'],) in wrapper public: retval? ???::Print (params?) const;
  is_const=True)
/home/brook/nsuser/ns-allinone-3.15/ns-3.15/src/csma-layout/bindings/modulegen__gcc_ILP32.py:1892: Warning: exception TypeConfigurationError('direction not given',) in wrapper public: retval? ???::Serialize (params?) const;
  is_const=True)
/home/brook/nsuser/ns-allinone-3.15/ns-3.15/src/csma-layout/bindings/modulegen__gcc_ILP32.py:1900: Warning: exception TypeConfigurationError('direction not given',) in wrapper public: retval? ???::Set (params?);
  [param('uint8_t *', 'address')])
/home/brook/nsuser/ns-allinone-3.15/ns-3.15/src/csma-layout/bindings/modulegen__gcc_ILP32.py:2073: Warning: exception TypeLookupError(['__gnu_cxx::__normal_iterator< std::pair< ns3::Ptr< ns3::Ipv6 >, unsigned int > const, std::vector< std::pair< ns3::Ptr< ns3::Ipv6 >, unsigned int > > >'],) in wrapper public: retval? ???::Begin (params?) const;
  is_const=True)
/home/brook/nsuser/ns-allinone-3.15/ns-3.15/src/csma-layout/bindings/modulegen__gcc_ILP32.py:2078: Warning: exception TypeLookupError(['__gnu_cxx::__normal_iterator< std::pair< ns3::Ptr< ns3::Ipv6 >, unsigned int > const, std::vector< std::pair< ns3::Ptr< ns3::Ipv6 >, unsigned int > > >'],) in wrapper public: retval? ???::End (params?) const;
  is_const=True)
/home/brook/nsuser/ns-allinone-3.15/ns-3.15/src/csma-layout/bindings/modulegen__gcc_ILP32.py:2111: Warning: exception TypeConfigurationError('direction not given',) in wrapper <pybindgen.cppmethod.CppConstructor object at 0xa7772ac>
  cls.add_constructor([param('uint8_t *', 'prefix')])
/home/brook/nsuser/ns-allinone-3.15/ns-3.15/src/csma-layout/bindings/modulegen__gcc_ILP32.py:2124: Warning: exception TypeConfigurationError('direction not given',) in wrapper public: retval? ???::GetBytes (params?) const;
  is_const=True)
/home/brook/nsuser/ns-allinone-3.15/ns-3.15/src/csma-layout/bindings/modulegen__gcc_ILP32.py:2159: Warning: exception TypeLookupError(['std::ostream &'],) in wrapper public: retval? ???::Print (params?) const;
  is_const=True)
/home/brook/nsuser/ns-allinone-3.15/ns-3.15/src/csma-layout/bindings/modulegen__gcc_ILP32.py:2189: Warning: exception TypeLookupError(['__gnu_cxx::__normal_iterator< ns3::Ptr< ns3::NetDevice > const, std::vector< ns3::Ptr< ns3::NetDevice > > >'],) in wrapper public: retval? ???::Begin (params?) const;
  is_const=True)
/home/brook/nsuser/ns-allinone-3.15/ns-3.15/src/csma-layout/bindings/modulegen__gcc_ILP32.py:2194: Warning: exception TypeLookupError(['__gnu_cxx::__normal_iterator< ns3::Ptr< ns3::NetDevice > const, std::vector< ns3::Ptr< ns3::NetDevice > > >'],) in wrapper public: retval? ???::End (params?) const;
  is_const=True)
/home/brook/nsuser/ns-allinone-3.15/ns-3.15/src/csma-layout/bindings/modulegen__gcc_ILP32.py:2240: Warning: exception TypeLookupError(['__gnu_cxx::__normal_iterator< ns3::Ptr< ns3::Node > const, std::vector< ns3::Ptr< ns3::Node > > >'],) in wrapper public: retval? ???::Begin (params?) const;
  is_const=True)
/home/brook/nsuser/ns-allinone-3.15/ns-3.15/src/csma-layout/bindings/modulegen__gcc_ILP32.py:2253: Warning: exception TypeLookupError(['__gnu_cxx::__normal_iterator< ns3::Ptr< ns3::Node > const, std::vector< ns3::Ptr< ns3::Node > > >'],) in wrapper public: retval? ???::End (params?) const;
  is_const=True)
/home/brook/nsuser/ns-allinone-3.15/ns-3.15/src/csma-layout/bindings/modulegen__gcc_ILP32.py:2341: Warning: exception TypeConfigurationError('Missing transfer_ownership option',) in wrapper public: retval? ???::Delete (params?);
  is_static=True)
/home/brook/nsuser/ns-allinone-3.15/ns-3.15/src/csma-layout/bindings/modulegen__gcc_ILP32.py:2414: Warning: exception TypeConfigurationError('direction not given',) in wrapper public: retval? ???::Deserialize (params?);
  [param('uint8_t const *', 'buffer'), param('uint32_t', 'size')])
/home/brook/nsuser/ns-allinone-3.15/ns-3.15/src/csma-layout/bindings/modulegen__gcc_ILP32.py:2455: Warning: exception TypeConfigurationError('direction not given',) in wrapper public: retval? ???::Serialize (params?) const;
  is_const=True)
bindings/python/ns3modulegen-modular.py:27: UserWarning: exception TypeLookupError(['uint8_t [ 20 ]'],) in wrapper None
  warnings.warn("exception %r in wrapper %s" % (exception, wrapper))
bindings/python/ns3modulegen-modular.py:27: UserWarning: exception TypeConfigurationError('Either caller_owns_return or self.reference_existing_object must be given',) in wrapper None
  warnings.warn("exception %r in wrapper %s" % (exception, wrapper))
/home/brook/nsuser/ns-allinone-3.15/ns-3.15/src/csma-layout/bindings/modulegen__gcc_ILP32.py:2582: Warning: exception TypeLookupError(['uint32_t &'],) in wrapper public: retval? ???::Diff (params?);
  is_static=True)
/home/brook/nsuser/ns-allinone-3.15/ns-3.15/src/csma-layout/bindings/modulegen__gcc_ILP32.py:2636: Warning: exception TypeConfigurationError('direction not given',) in wrapper public: retval? ???::Read (params?);
  [param('uint8_t * const', 'data'), param('uint32_t', 'maxBytes'), param('uint32_t &', 'tsSec'), param('uint32_t &', 'tsUsec'), param('uint32_t &', 'inclLen'), param('uint32_t &', 'origLen'), param('uint32_t &', 'readLen')])
/home/brook/nsuser/ns-allinone-3.15/ns-3.15/src/csma-layout/bindings/modulegen__gcc_ILP32.py:2640: Warning: exception TypeConfigurationError('direction not given',) in wrapper public: retval? ???::Write (params?);
  [param('uint32_t', 'tsSec'), param('uint32_t', 'tsUsec'), param('uint8_t const * const', 'data'), param('uint32_t', 'totalLen')])
/home/brook/nsuser/ns-allinone-3.15/ns-3.15/src/csma-layout/bindings/modulegen__gcc_ILP32.py:2821: Warning: exception TypeLookupError(['ns3::Ptr< ns3::SimulatorImpl >', 'ns3::SimulatorImpl *'],) in wrapper public: retval? ???::GetImplementation (params?);
  is_static=True)
/home/brook/nsuser/ns-allinone-3.15/ns-3.15/src/csma-layout/bindings/modulegen__gcc_ILP32.py:2856: Warning: exception TypeLookupError(['ns3::Ptr< ns3::SimulatorImpl >', 'ns3::SimulatorImpl *'],) in wrapper public: retval? ???::SetImplementation (params?);
  is_static=True)
/home/brook/nsuser/ns-allinone-3.15/ns-3.15/src/csma-layout/bindings/modulegen__gcc_ILP32.py:2898: Warning: exception TypeLookupError(['std::ostream &'],) in wrapper public: virtual retval? ???::Print (params?) const = 0;
  is_pure_virtual=True, is_const=True, is_virtual=True)
/home/brook/nsuser/ns-allinone-3.15/ns-3.15/src/csma-layout/bindings/modulegen__gcc_ILP32.py:2910: Warning: exception TypeConfigurationError('direction not given',) in wrapper <pybindgen.cppmethod.CppConstructor object at 0xa946a2c>
  cls.add_constructor([param('uint8_t *', 'start'), param('uint8_t *', 'end')])
/home/brook/nsuser/ns-allinone-3.15/ns-3.15/src/csma-layout/bindings/modulegen__gcc_ILP32.py:2918: Warning: exception TypeConfigurationError('direction not given',) in wrapper public: retval? ???::Read (params?);
  [param('uint8_t *', 'buffer'), param('uint32_t', 'size')])
/home/brook/nsuser/ns-allinone-3.15/ns-3.15/src/csma-layout/bindings/modulegen__gcc_ILP32.py:2946: Warning: exception TypeConfigurationError('direction not given',) in wrapper public: retval? ???::Write (params?);
  [param('uint8_t const *', 'buffer'), param('uint32_t', 'size')])
/home/brook/nsuser/ns-allinone-3.15/ns-3.15/src/csma-layout/bindings/modulegen__gcc_ILP32.py:3095: Warning: exception TypeLookupError(['ns3::Callback< ns3::ObjectBase *, ns3::empty, ns3::empty, ns3::empty, ns3::empty, ns3::empty, ns3::empty, ns3::empty, ns3::empty, ns3::empty >'],) in wrapper public: retval? ???::GetConstructor (params?) const;
  is_const=True)
bindings/python/ns3modulegen-modular.py:27: UserWarning: exception TypeLookupError(['short unsigned int'],) in wrapper None
  warnings.warn("exception %r in wrapper %s" % (exception, wrapper))
/home/brook/nsuser/ns-allinone-3.15/ns-3.15/src/csma-layout/bindings/modulegen__gcc_ILP32.py:3360: Warning: exception TypeLookupError(['std::ostream &'],) in wrapper public: virtual retval? ???::Print (params?) const = 0;
  is_pure_virtual=True, is_const=True, is_virtual=True)
/home/brook/nsuser/ns-allinone-3.15/ns-3.15/src/csma-layout/bindings/modulegen__gcc_ILP32.py:3466: Warning: exception TypeLookupError(['std::ostream &'],) in wrapper public: virtual retval? ???::Print (params?) const = 0;
  is_pure_virtual=True, is_const=True, is_virtual=True)
/home/brook/nsuser/ns-allinone-3.15/ns-3.15/src/csma-layout/bindings/modulegen__gcc_ILP32.py:3518: Warning: exception TypeLookupError(['ns3::Ipv4RoutingHelper &'],) in wrapper public: retval? ???::SetRoutingHelper (params?);
  [param('ns3::Ipv4RoutingHelper const &', 'routing')])
/home/brook/nsuser/ns-allinone-3.15/ns-3.15/src/csma-layout/bindings/modulegen__gcc_ILP32.py:3522: Warning: exception TypeLookupError(['ns3::Ipv6RoutingHelper &'],) in wrapper public: retval? ???::SetRoutingHelper (params?);
  [param('ns3::Ipv6RoutingHelper const &', 'routing')])
/home/brook/nsuser/ns-allinone-3.15/ns-3.15/src/csma-layout/bindings/modulegen__gcc_ILP32.py:3661: Warning: exception TypeLookupError(['std::ostream &'],) in wrapper public: virtual retval? ???::Print (params?) const;
  is_const=True, is_virtual=True)
/home/brook/nsuser/ns-allinone-3.15/ns-3.15/src/csma-layout/bindings/modulegen__gcc_ILP32.py:3789: Warning: exception TypeLookupError(['std::ostream &'],) in wrapper public: virtual retval? ???::Print (params?) const;
  is_const=True, is_virtual=True)
/home/brook/nsuser/ns-allinone-3.15/ns-3.15/src/csma-layout/bindings/modulegen__gcc_ILP32.py:3936: Warning: exception TypeConfigurationError('direction not given',) in wrapper public: retval? ???::Write (params?);
  [param('ns3::Time', 't'), param('uint8_t const *', 'buffer'), param('uint32_t', 'length')])
/home/brook/nsuser/ns-allinone-3.15/ns-3.15/src/csma-layout/bindings/modulegen__gcc_ILP32.py:4205: Warning: exception TypeConfigurationError('direction not given',) in wrapper public: retval? ???::Recv (params?);
  [param('uint8_t *', 'buf'), param('uint32_t', 'size'), param('uint32_t', 'flags')])
/home/brook/nsuser/ns-allinone-3.15/ns-3.15/src/csma-layout/bindings/modulegen__gcc_ILP32.py:4218: Warning: exception TypeConfigurationError('direction not given',) in wrapper public: retval? ???::RecvFrom (params?);
  [param('uint8_t *', 'buf'), param('uint32_t', 'size'), param('uint32_t', 'flags'), param('ns3::Address &', 'fromAddress')])
/home/brook/nsuser/ns-allinone-3.15/ns-3.15/src/csma-layout/bindings/modulegen__gcc_ILP32.py:4231: Warning: exception TypeConfigurationError('direction not given',) in wrapper public: retval? ???::Send (params?);
  [param('uint8_t const *', 'buf'), param('uint32_t', 'size'), param('uint32_t', 'flags')])
/home/brook/nsuser/ns-allinone-3.15/ns-3.15/src/csma-layout/bindings/modulegen__gcc_ILP32.py:4240: Warning: exception TypeConfigurationError('direction not given',) in wrapper public: retval? ???::SendTo (params?);
  [param('uint8_t const *', 'buf'), param('uint32_t', 'size'), param('uint32_t', 'flags'), param('ns3::Address const &', 'address')])
/home/brook/nsuser/ns-allinone-3.15/ns-3.15/src/csma-layout/bindings/modulegen__gcc_ILP32.py:4370: Warning: exception TypeLookupError(['std::ostream &'],) in wrapper public: virtual retval? ???::Print (params?) const;
  is_const=True, is_virtual=True)
/home/brook/nsuser/ns-allinone-3.15/ns-3.15/src/csma-layout/bindings/modulegen__gcc_ILP32.py:4416: Warning: exception TypeLookupError(['std::ostream &'],) in wrapper public: virtual retval? ???::Print (params?) const;
  is_const=True, is_virtual=True)
/home/brook/nsuser/ns-allinone-3.15/ns-3.15/src/csma-layout/bindings/modulegen__gcc_ILP32.py:4470: Warning: exception TypeLookupError(['std::ostream &'],) in wrapper public: virtual retval? ???::Print (params?) const;
  is_const=True, is_virtual=True)
/home/brook/nsuser/ns-allinone-3.15/ns-3.15/src/csma-layout/bindings/modulegen__gcc_ILP32.py:4686: Warning: exception TypeLookupError(['std::ostream &'],) in wrapper public: virtual retval? ???::Print (params?) const = 0;
  is_pure_virtual=True, is_const=True, is_virtual=True)
/home/brook/nsuser/ns-allinone-3.15/ns-3.15/src/csma-layout/bindings/modulegen__gcc_ILP32.py:4870: Warning: exception TypeLookupError(['ns3::Ptr< ns3::CsmaNetDevice >', 'ns3::CsmaNetDevice *'],) in wrapper public: retval? ???::Attach (params?);
  [param('ns3::Ptr< ns3::CsmaNetDevice >', 'device')])
/home/brook/nsuser/ns-allinone-3.15/ns-3.15/src/csma-layout/bindings/modulegen__gcc_ILP32.py:4874: Warning: exception TypeLookupError(['ns3::Ptr< ns3::CsmaNetDevice >', 'ns3::CsmaNetDevice *'],) in wrapper public: retval? ???::Detach (params?);
  [param('ns3::Ptr< ns3::CsmaNetDevice >', 'device')])
/home/brook/nsuser/ns-allinone-3.15/ns-3.15/src/csma-layout/bindings/modulegen__gcc_ILP32.py:4886: Warning: exception TypeLookupError(['ns3::Ptr< ns3::CsmaNetDevice >', 'ns3::CsmaNetDevice *'],) in wrapper public: retval? ???::Reattach (params?);
  [param('ns3::Ptr< ns3::CsmaNetDevice >', 'device')])
/home/brook/nsuser/ns-allinone-3.15/ns-3.15/src/csma-layout/bindings/modulegen__gcc_ILP32.py:4902: Warning: exception TypeLookupError(['ns3::Ptr< ns3::CsmaNetDevice >', 'ns3::CsmaNetDevice *'],) in wrapper public: retval? ???::GetDeviceNum (params?);
  [param('ns3::Ptr< ns3::CsmaNetDevice >', 'device')])
/home/brook/nsuser/ns-allinone-3.15/ns-3.15/src/csma-layout/bindings/modulegen__gcc_ILP32.py:4933: Warning: exception TypeLookupError(['ns3::Ptr< ns3::CsmaNetDevice >', 'ns3::CsmaNetDevice *'],) in wrapper public: retval? ???::GetCsmaDevice (params?) const;
  is_const=True)
/home/brook/nsuser/ns-allinone-3.15/ns-3.15/src/csma-layout/bindings/modulegen__gcc_ILP32.py:5039: Warning: exception TypeLookupError(['ns3::Callback< void, ns3::Ptr< ns3::Packet >, ns3::Ipv4Address, ns3::Ipv4Address, unsigned char, ns3::Ptr< ns3::Ipv4Route >, ns3::empty, ns3::empty, ns3::empty, ns3::empty >'],) in wrapper public: virtual retval? ???::GetDownTarget (params?) const = 0;
  is_pure_virtual=True, is_const=True, is_virtual=True)
/home/brook/nsuser/ns-allinone-3.15/ns-3.15/src/csma-layout/bindings/modulegen__gcc_ILP32.py:5044: Warning: exception TypeLookupError(['ns3::Callback< void, ns3::Ptr< ns3::Packet >, ns3::Ipv6Address, ns3::Ipv6Address, unsigned char, ns3::Ptr< ns3::Ipv6Route >, ns3::empty, ns3::empty, ns3::empty, ns3::empty >'],) in wrapper public: virtual retval? ???::GetDownTarget6 (params?) const = 0;
  is_pure_virtual=True, is_const=True, is_virtual=True)
/home/brook/nsuser/ns-allinone-3.15/ns-3.15/src/csma-layout/bindings/modulegen__gcc_ILP32.py:5059: Warning: exception TypeLookupError(['ns3::Ptr< ns3::Ipv4Interface >', 'ns3::Ipv4Interface *'],) in wrapper public: virtual retval? ???::Receive (params?) = 0;
  is_pure_virtual=True, is_virtual=True)
/home/brook/nsuser/ns-allinone-3.15/ns-3.15/src/csma-layout/bindings/modulegen__gcc_ILP32.py:5069: Warning: exception TypeConfigurationError('direction not given',) in wrapper public: virtual retval? ???::ReceiveIcmp (params?);
  is_virtual=True)
/home/brook/nsuser/ns-allinone-3.15/ns-3.15/src/csma-layout/bindings/modulegen__gcc_ILP32.py:5074: Warning: exception TypeConfigurationError('direction not given',) in wrapper public: virtual retval? ???::ReceiveIcmp (params?);
  is_virtual=True)
/home/brook/nsuser/ns-allinone-3.15/ns-3.15/src/csma-layout/bindings/modulegen__gcc_ILP32.py:5079: Warning: exception TypeLookupError(['ns3::Callback< void, ns3::Ptr< ns3::Packet >, ns3::Ipv4Address, ns3::Ipv4Address, unsigned char, ns3::Ptr< ns3::Ipv4Route >, ns3::empty, ns3::empty, ns3::empty, ns3::empty >'],) in wrapper public: virtual retval? ???::SetDownTarget (params?) = 0;
  is_pure_virtual=True, is_virtual=True)
/home/brook/nsuser/ns-allinone-3.15/ns-3.15/src/csma-layout/bindings/modulegen__gcc_ILP32.py:5084: Warning: exception TypeLookupError(['ns3::Callback< void, ns3::Ptr< ns3::Packet >, ns3::Ipv6Address, ns3::Ipv6Address, unsigned char, ns3::Ptr< ns3::Ipv6Route >, ns3::empty, ns3::empty, ns3::empty, ns3::empty >'],) in wrapper public: virtual retval? ???::SetDownTarget6 (params?) = 0;
  is_pure_virtual=True, is_virtual=True)
/home/brook/nsuser/ns-allinone-3.15/ns-3.15/src/csma-layout/bindings/modulegen__gcc_ILP32.py:5333: Warning: exception TypeLookupError(['ns3::Ptr< ns3::Ipv4Interface >', 'ns3::Ipv4Interface *'],) in wrapper public: retval? ???::GetInterface (params?) const;
  is_const=True)
/home/brook/nsuser/ns-allinone-3.15/ns-3.15/src/csma-layout/bindings/modulegen__gcc_ILP32.py:5679: Warning: exception TypeLookupError(['ns3::Callback< void, ns3::Ptr< ns3::Ipv4Route >, ns3::Ptr< ns3::Packet const >, ns3::Ipv4Header const &, ns3::empty, ns3::empty, ns3::empty, ns3::empty, ns3::empty, ns3::empty >'],) in wrapper public: virtual retval? ???::RouteInput (params?) = 0;
  is_pure_virtual=True, is_virtual=True)
/home/brook/nsuser/ns-allinone-3.15/ns-3.15/src/csma-layout/bindings/modulegen__gcc_ILP32.py:5756: Warning: exception TypeLookupError(['ns3::Ptr< ns3::Ipv6RoutingProtocol >', 'ns3::Ipv6RoutingProtocol *'],) in wrapper public: virtual retval? ???::GetRoutingProtocol (params?) const = 0;
  is_pure_virtual=True, is_const=True, is_virtual=True)
/home/brook/nsuser/ns-allinone-3.15/ns-3.15/src/csma-layout/bindings/modulegen__gcc_ILP32.py:5806: Warning: exception TypeLookupError(['ns3::Ptr< ns3::Ipv6RoutingProtocol >', 'ns3::Ipv6RoutingProtocol *'],) in wrapper public: virtual retval? ???::SetRoutingProtocol (params?) = 0;
  is_pure_virtual=True, is_virtual=True)
/home/brook/nsuser/ns-allinone-3.15/ns-3.15/src/csma-layout/bindings/modulegen__gcc_ILP32.py:6053: Warning: exception TypeLookupError(['ns3::Ptr< ns3::Ipv6Route >', 'ns3::Ipv6Route *'],) in wrapper public: retval? ???::Send (params?);
  [param('ns3::Ptr< ns3::Packet >', 'packet'), param('ns3::Ipv6Address', 'source'), param('ns3::Ipv6Address', 'destination'), param('uint8_t', 'protocol'), param('ns3::Ptr< ns3::Ipv6Route >', 'route')])
/home/brook/nsuser/ns-allinone-3.15/ns-3.15/src/csma-layout/bindings/modulegen__gcc_ILP32.py:6058: Warning: exception TypeLookupError(['ns3::Ptr< ns3::Ipv6RoutingProtocol >', 'ns3::Ipv6RoutingProtocol *'],) in wrapper public: virtual retval? ???::SetRoutingProtocol (params?);
  is_virtual=True)
/home/brook/nsuser/ns-allinone-3.15/ns-3.15/src/csma-layout/bindings/modulegen__gcc_ILP32.py:6063: Warning: exception TypeLookupError(['ns3::Ptr< ns3::Ipv6RoutingProtocol >', 'ns3::Ipv6RoutingProtocol *'],) in wrapper public: virtual retval? ???::GetRoutingProtocol (params?) const;
  is_const=True, is_virtual=True)
/home/brook/nsuser/ns-allinone-3.15/ns-3.15/src/csma-layout/bindings/modulegen__gcc_ILP32.py:6163: Warning: exception TypeLookupError(['ns3::Ptr< ns3::Icmpv6L4Protocol >', 'ns3::Icmpv6L4Protocol *'],) in wrapper public: retval? ???::GetIcmpv6 (params?) const;
  is_const=True)
/home/brook/nsuser/ns-allinone-3.15/ns-3.15/src/csma-layout/bindings/modulegen__gcc_ILP32.py:6263: Warning: exception TypeLookupError(['ns3::Callback< void, ns3::empty, ns3::empty, ns3::empty, ns3::empty, ns3::empty, ns3::empty, ns3::empty, ns3::empty, ns3::empty >'],) in wrapper public: virtual retval? ???::AddLinkChangeCallback (params?) = 0;
  is_pure_virtual=True, is_virtual=True)
/home/brook/nsuser/ns-allinone-3.15/ns-3.15/src/csma-layout/bindings/modulegen__gcc_ILP32.py:6373: Warning: exception TypeLookupError(['ns3::Callback< bool, ns3::Ptr< ns3::NetDevice >, ns3::Ptr< ns3::Packet const >, short unsigned int, ns3::Address const &, ns3::Address const &, ns3::NetDevice::PacketType, ns3::empty, ns3::empty, ns3::empty >'],) in wrapper public: virtual retval? ???::SetPromiscReceiveCallback (params?) = 0;
  is_pure_virtual=True, is_virtual=True)
/home/brook/nsuser/ns-allinone-3.15/ns-3.15/src/csma-layout/bindings/modulegen__gcc_ILP32.py:6378: Warning: exception TypeLookupError(['ns3::Callback< bool, ns3::Ptr< ns3::NetDevice >, ns3::Ptr< ns3::Packet const >, short unsigned int, ns3::Address const &, ns3::empty, ns3::empty, ns3::empty, ns3::empty, ns3::empty >'],) in wrapper public: virtual retval? ???::SetReceiveCallback (params?) = 0;
  is_pure_virtual=True, is_virtual=True)
/home/brook/nsuser/ns-allinone-3.15/ns-3.15/src/csma-layout/bindings/modulegen__gcc_ILP32.py:6440: Warning: exception TypeLookupError(['ns3::Ptr< ns3::Application >', 'ns3::Application *'],) in wrapper public: retval? ???::AddApplication (params?);
  [param('ns3::Ptr< ns3::Application >', 'application')])
/home/brook/nsuser/ns-allinone-3.15/ns-3.15/src/csma-layout/bindings/modulegen__gcc_ILP32.py:6454: Warning: exception TypeLookupError(['ns3::Ptr< ns3::Application >', 'ns3::Application *'],) in wrapper public: retval? ???::GetApplication (params?) const;
  is_const=True)
/home/brook/nsuser/ns-allinone-3.15/ns-3.15/src/csma-layout/bindings/modulegen__gcc_ILP32.py:6488: Warning: exception TypeLookupError(['ns3::Callback< void, ns3::Ptr< ns3::NetDevice >, ns3::empty, ns3::empty, ns3::empty, ns3::empty, ns3::empty, ns3::empty, ns3::empty, ns3::empty >'],) in wrapper public: retval? ???::RegisterDeviceAdditionListener (params?);
  [param('ns3::Callback< void, ns3::Ptr< ns3::NetDevice >, ns3::empty, ns3::empty, ns3::empty, ns3::empty, ns3::empty, ns3::empty, ns3::empty, ns3::empty >', 'listener')])
/home/brook/nsuser/ns-allinone-3.15/ns-3.15/src/csma-layout/bindings/modulegen__gcc_ILP32.py:6496: Warning: exception TypeLookupError(['ns3::Callback< void, ns3::Ptr< ns3::NetDevice >, ns3::empty, ns3::empty, ns3::empty, ns3::empty, ns3::empty, ns3::empty, ns3::empty, ns3::empty >'],) in wrapper public: retval? ???::UnregisterDeviceAdditionListener (params?);
  [param('ns3::Callback< void, ns3::Ptr< ns3::NetDevice >, ns3::empty, ns3::empty, ns3::empty, ns3::empty, ns3::empty, ns3::empty, ns3::empty, ns3::empty >', 'listener')])
/home/brook/nsuser/ns-allinone-3.15/ns-3.15/src/csma-layout/bindings/modulegen__gcc_ILP32.py:6559: Warning: exception TypeLookupError(['std::ostream *'],) in wrapper <pybindgen.cppmethod.CppConstructor object at 0xb19fe6c>
  cls.add_constructor([param('std::ostream *', 'os')])
/home/brook/nsuser/ns-allinone-3.15/ns-3.15/src/csma-layout/bindings/modulegen__gcc_ILP32.py:6563: Warning: exception TypeLookupError(['std::ostream *'],) in wrapper public: retval? ???::GetStream (params?);
  [])
/home/brook/nsuser/ns-allinone-3.15/ns-3.15/src/csma-layout/bindings/modulegen__gcc_ILP32.py:6575: Warning: exception TypeConfigurationError('direction not given',) in wrapper <pybindgen.cppmethod.CppConstructor object at 0xb1a3dec>
  cls.add_constructor([param('uint8_t const *', 'buffer'), param('uint32_t', 'size'), param('bool', 'magic')])
/home/brook/nsuser/ns-allinone-3.15/ns-3.15/src/csma-layout/bindings/modulegen__gcc_ILP32.py:6577: Warning: exception TypeConfigurationError('direction not given',) in wrapper <pybindgen.cppmethod.CppConstructor object at 0xb1a3e0c>
  cls.add_constructor([param('uint8_t const *', 'buffer'), param('uint32_t', 'size')])
/home/brook/nsuser/ns-allinone-3.15/ns-3.15/src/csma-layout/bindings/modulegen__gcc_ILP32.py:6618: Warning: exception TypeConfigurationError('direction not given',) in wrapper public: retval? ???::CopyData (params?) const;
  is_const=True)
/home/brook/nsuser/ns-allinone-3.15/ns-3.15/src/csma-layout/bindings/modulegen__gcc_ILP32.py:6623: Warning: exception TypeLookupError(['std::ostream *'],) in wrapper public: retval? ???::CopyData (params?) const;
  is_const=True)
/home/brook/nsuser/ns-allinone-3.15/ns-3.15/src/csma-layout/bindings/modulegen__gcc_ILP32.py:6678: Warning: exception TypeLookupError(['uint8_t *'],) in wrapper public: retval? ???::PeekData (params?) const;
  deprecated=True, is_const=True)
/home/brook/nsuser/ns-allinone-3.15/ns-3.15/src/csma-layout/bindings/modulegen__gcc_ILP32.py:6697: Warning: exception TypeLookupError(['std::ostream &'],) in wrapper public: retval? ???::Print (params?) const;
  is_const=True)
/home/brook/nsuser/ns-allinone-3.15/ns-3.15/src/csma-layout/bindings/modulegen__gcc_ILP32.py:6702: Warning: exception TypeLookupError(['std::ostream &'],) in wrapper public: retval? ???::PrintByteTags (params?) const;
  is_const=True)
/home/brook/nsuser/ns-allinone-3.15/ns-3.15/src/csma-layout/bindings/modulegen__gcc_ILP32.py:6707: Warning: exception TypeLookupError(['std::ostream &'],) in wrapper public: retval? ???::PrintPacketTags (params?) const;
  is_const=True)
/home/brook/nsuser/ns-allinone-3.15/ns-3.15/src/csma-layout/bindings/modulegen__gcc_ILP32.py:6740: Warning: exception TypeConfigurationError('direction not given',) in wrapper public: retval? ???::Serialize (params?) const;
  is_const=True)
