>>>>>>>>>>>>>>>> [['void', 'ns3::Ptr<ns3::Packet>', 'ns3::Ipv6Address', 'ns3::Ipv6Address', 'unsigned char', 'ns3::Ptr<ns3::Ipv6Route>', 'ns3::empty', 'ns3::empty', 'ns3::empty', 'ns3::empty'], ['void', 'ns3::WifiMacHeader const&', 'ns3::empty', 'ns3::empty', 'ns3::empty', 'ns3::empty', 'ns3::empty', 'ns3::empty', 'ns3::empty', 'ns3::empty'], ['void', 'ns3::Ipv4Address', 'unsigned char', 'ns3::empty', 'ns3::empty', 'ns3::empty', 'ns3::empty', 'ns3::empty', 'ns3::empty', 'ns3::empty'], ['void', 'ns3::Ptr<ns3::ArpCache const>', 'ns3::Ipv4Address', 'ns3::empty', 'ns3::empty', 'ns3::empty', 'ns3::empty', 'ns3::empty', 'ns3::empty', 'ns3::empty'], ['void', 'ns3::Ptr<ns3::Packet>', 'ns3::Ipv4Address', 'ns3::Ipv4Address', 'unsigned char', 'ns3::Ptr<ns3::Ipv4Route>', 'ns3::empty', 'ns3::empty', 'ns3::empty', 'ns3::empty'], ['void', 'ns3::Ptr<ns3::NetDevice>', 'ns3::Ptr<ns3::Packet const>', 'unsigned short', 'ns3::Address const&', 'ns3::Address const&', 'ns3::NetDevice::PacketType', 'ns3::empty', 'ns3::empty', 'ns3::empty'], ['void', 'ns3::Ptr<ns3::Socket>', 'ns3::empty', 'ns3::empty', 'ns3::empty', 'ns3::empty', 'ns3::empty', 'ns3::empty', 'ns3::empty', 'ns3::empty'], ['void', 'ns3::Ptr<ns3::Socket>', 'unsigned int', 'ns3::empty', 'ns3::empty', 'ns3::empty', 'ns3::empty', 'ns3::empty', 'ns3::empty', 'ns3::empty'], ['void', 'ns3::Ptr<ns3::Socket>', 'ns3::Address const&', 'ns3::empty', 'ns3::empty', 'ns3::empty', 'ns3::empty', 'ns3::empty', 'ns3::empty', 'ns3::empty'], ['bool', 'ns3::Ptr<ns3::Socket>', 'ns3::Address const&', 'ns3::empty', 'ns3::empty', 'ns3::empty', 'ns3::empty', 'ns3::empty', 'ns3::empty', 'ns3::empty']]
/home/brook/nsuser/ns-allinone-3.15/ns-3.15/bindings/python/ns3modulegen_core_customizations.py:225: Warning: ***** Unable to register callback; parameter 'ns3::Ptr<ns3::Ipv6Route> arg5' error (used in ns3::Callback< void, ns3::Ptr<ns3::Packet>, ns3::Ipv6Address, ns3::Ipv6Address, unsigned char, ns3::Ptr<ns3::Ipv6Route>, ns3::empty, ns3::empty, ns3::empty, ns3::empty >): TypeLookupError(['ns3::Ptr< ns3::Ipv6Route >', 'ns3::Ipv6Route *'],)
  Warning)
***** registering callback handler: 'ns3::Callback< void, ns3::WifiMacHeader const &, ns3::empty, ns3::empty, ns3::empty, ns3::empty, ns3::empty, ns3::empty, ns3::empty, ns3::empty >'
***** registering callback handler: 'ns3::Callback< void, ns3::Ipv4Address, unsigned char, ns3::empty, ns3::empty, ns3::empty, ns3::empty, ns3::empty, ns3::empty, ns3::empty >'
***** registering callback handler: 'ns3::Callback< void, ns3::Ptr< ns3::ArpCache const >, ns3::Ipv4Address, ns3::empty, ns3::empty, ns3::empty, ns3::empty, ns3::empty, ns3::empty, ns3::empty >'
***** registering callback handler: 'ns3::Callback< void, ns3::Ptr< ns3::Packet >, ns3::Ipv4Address, ns3::Ipv4Address, unsigned char, ns3::Ptr< ns3::Ipv4Route >, ns3::empty, ns3::empty, ns3::empty, ns3::empty >'
***** registering callback handler: 'ns3::Callback< void, ns3::Ptr< ns3::NetDevice >, ns3::Ptr< ns3::Packet const >, unsigned short, ns3::Address const &, ns3::Address const &, ns3::NetDevice::PacketType, ns3::empty, ns3::empty, ns3::empty >'
***** registering callback handler: 'ns3::Callback< void, ns3::Ptr< ns3::Socket >, ns3::empty, ns3::empty, ns3::empty, ns3::empty, ns3::empty, ns3::empty, ns3::empty, ns3::empty >'
***** registering callback handler: 'ns3::Callback< void, ns3::Ptr< ns3::Socket >, unsigned int, ns3::empty, ns3::empty, ns3::empty, ns3::empty, ns3::empty, ns3::empty, ns3::empty >'
***** registering callback handler: 'ns3::Callback< void, ns3::Ptr< ns3::Socket >, ns3::Address const &, ns3::empty, ns3::empty, ns3::empty, ns3::empty, ns3::empty, ns3::empty, ns3::empty >'
***** registering callback handler: 'ns3::Callback< bool, ns3::Ptr< ns3::Socket >, ns3::Address const &, ns3::empty, ns3::empty, ns3::empty, ns3::empty, ns3::empty, ns3::empty, ns3::empty >'
/home/brook/nsuser/ns-allinone-3.15/ns-3.15/src/dsr/bindings/modulegen__gcc_ILP32.py:795: Warning: exception TypeConfigurationError('direction not given',) in wrapper <pybindgen.cppmethod.CppConstructor object at 0xa5cf32c>
  cls.add_constructor([param('uint8_t', 'type'), param('uint8_t const *', 'buffer'), param('uint8_t', 'len')])
/home/brook/nsuser/ns-allinone-3.15/ns-3.15/src/dsr/bindings/modulegen__gcc_ILP32.py:806: Warning: exception TypeConfigurationError('direction not given',) in wrapper public: retval? ???::CopyAllFrom (params?);
  [param('uint8_t const *', 'buffer'), param('uint8_t', 'len')])
/home/brook/nsuser/ns-allinone-3.15/ns-3.15/src/dsr/bindings/modulegen__gcc_ILP32.py:811: Warning: exception TypeConfigurationError('direction not given',) in wrapper public: retval? ???::CopyAllTo (params?) const;
  is_const=True)
/home/brook/nsuser/ns-allinone-3.15/ns-3.15/src/dsr/bindings/modulegen__gcc_ILP32.py:815: Warning: exception TypeConfigurationError('direction not given',) in wrapper public: retval? ???::CopyFrom (params?);
  [param('uint8_t const *', 'buffer'), param('uint8_t', 'len')])
/home/brook/nsuser/ns-allinone-3.15/ns-3.15/src/dsr/bindings/modulegen__gcc_ILP32.py:820: Warning: exception TypeConfigurationError('direction not given',) in wrapper public: retval? ???::CopyTo (params?) const;
  is_const=True)
/home/brook/nsuser/ns-allinone-3.15/ns-3.15/src/dsr/bindings/modulegen__gcc_ILP32.py:870: Warning: exception TypeLookupError(['std::_List_const_iterator< ns3::AttributeConstructionList::Item >'],) in wrapper public: retval? ???::Begin (params?) const;
  is_const=True)
/home/brook/nsuser/ns-allinone-3.15/ns-3.15/src/dsr/bindings/modulegen__gcc_ILP32.py:875: Warning: exception TypeLookupError(['std::_List_const_iterator< ns3::AttributeConstructionList::Item >'],) in wrapper public: retval? ???::End (params?) const;
  is_const=True)
/home/brook/nsuser/ns-allinone-3.15/ns-3.15/src/dsr/bindings/modulegen__gcc_ILP32.py:926: Warning: exception TypeLookupError(['std::ostream *'],) in wrapper public: retval? ???::CopyData (params?) const;
  is_const=True)
/home/brook/nsuser/ns-allinone-3.15/ns-3.15/src/dsr/bindings/modulegen__gcc_ILP32.py:931: Warning: exception TypeConfigurationError('direction not given',) in wrapper public: retval? ???::CopyData (params?) const;
  is_const=True)
/home/brook/nsuser/ns-allinone-3.15/ns-3.15/src/dsr/bindings/modulegen__gcc_ILP32.py:945: Warning: exception TypeConfigurationError('direction not given',) in wrapper public: retval? ???::Deserialize (params?);
  [param('uint8_t const *', 'buffer'), param('uint32_t', 'size')])
/home/brook/nsuser/ns-allinone-3.15/ns-3.15/src/dsr/bindings/modulegen__gcc_ILP32.py:975: Warning: exception TypeLookupError(['uint8_t *'],) in wrapper public: retval? ???::PeekData (params?) const;
  is_const=True)
/home/brook/nsuser/ns-allinone-3.15/ns-3.15/src/dsr/bindings/modulegen__gcc_ILP32.py:988: Warning: exception TypeConfigurationError('direction not given',) in wrapper public: retval? ???::Serialize (params?) const;
  is_const=True)
/home/brook/nsuser/ns-allinone-3.15/ns-3.15/src/dsr/bindings/modulegen__gcc_ILP32.py:1043: Warning: exception TypeConfigurationError('direction not given',) in wrapper public: retval? ???::Read (params?);
  [param('uint8_t *', 'buffer'), param('uint32_t', 'size')])
/home/brook/nsuser/ns-allinone-3.15/ns-3.15/src/dsr/bindings/modulegen__gcc_ILP32.py:1087: Warning: exception TypeConfigurationError('direction not given',) in wrapper public: retval? ???::Write (params?);
  [param('uint8_t const *', 'buffer'), param('uint32_t', 'size')])
/home/brook/nsuser/ns-allinone-3.15/ns-3.15/src/dsr/bindings/modulegen__gcc_ILP32.py:1274: Warning: exception TypeConfigurationError('Either caller_owns_return or self.reference_existing_object must be given',) in wrapper public: retval? ???::Copy (params?) const;
  is_const=True)
/home/brook/nsuser/ns-allinone-3.15/ns-3.15/src/dsr/bindings/modulegen__gcc_ILP32.py:1328: Warning: exception TypeLookupError(['ns3::Ptr< ns3::EventImpl > &'],) in wrapper <pybindgen.cppmethod.CppConstructor object at 0xa71080c>
  cls.add_constructor([param('ns3::Ptr< ns3::EventImpl > const &', 'impl'), param('uint64_t', 'ts'), param('uint32_t', 'context'), param('uint32_t', 'uid')])
/home/brook/nsuser/ns-allinone-3.15/ns-3.15/src/dsr/bindings/modulegen__gcc_ILP32.py:1362: Warning: exception TypeConfigurationError('Either caller_owns_return or self.reference_existing_object must be given',) in wrapper public: retval? ???::PeekEventImpl (params?) const;
  is_const=True)
/home/brook/nsuser/ns-allinone-3.15/ns-3.15/src/dsr/bindings/modulegen__gcc_ILP32.py:1441: Warning: exception TypeConfigurationError('direction not given',) in wrapper public: retval? ???::Deserialize (params?);
  is_static=True)
/home/brook/nsuser/ns-allinone-3.15/ns-3.15/src/dsr/bindings/modulegen__gcc_ILP32.py:1506: Warning: exception TypeLookupError(['std::ostream &'],) in wrapper public: retval? ???::Print (params?) const;
  is_const=True)
/home/brook/nsuser/ns-allinone-3.15/ns-3.15/src/dsr/bindings/modulegen__gcc_ILP32.py:1511: Warning: exception TypeConfigurationError('direction not given',) in wrapper public: retval? ???::Serialize (params?) const;
  is_const=True)
/home/brook/nsuser/ns-allinone-3.15/ns-3.15/src/dsr/bindings/modulegen__gcc_ILP32.py:1639: Warning: exception TypeLookupError(['std::ostream &'],) in wrapper public: retval? ???::Print (params?) const;
  is_const=True)
/home/brook/nsuser/ns-allinone-3.15/ns-3.15/src/dsr/bindings/modulegen__gcc_ILP32.py:1656: Warning: exception TypeConfigurationError('direction not given',) in wrapper <pybindgen.cppmethod.CppConstructor object at 0xa7c816c>
  cls.add_constructor([param('uint8_t *', 'address')])
/home/brook/nsuser/ns-allinone-3.15/ns-3.15/src/dsr/bindings/modulegen__gcc_ILP32.py:1674: Warning: exception TypeConfigurationError('direction not given',) in wrapper public: retval? ???::Deserialize (params?);
  is_static=True)
/home/brook/nsuser/ns-allinone-3.15/ns-3.15/src/dsr/bindings/modulegen__gcc_ILP32.py:1699: Warning: exception TypeConfigurationError('direction not given',) in wrapper public: retval? ???::GetBytes (params?) const;
  is_const=True)
/home/brook/nsuser/ns-allinone-3.15/ns-3.15/src/dsr/bindings/modulegen__gcc_ILP32.py:1803: Warning: exception TypeLookupError(['std::ostream &'],) in wrapper public: retval? ???::Print (params?) const;
  is_const=True)
/home/brook/nsuser/ns-allinone-3.15/ns-3.15/src/dsr/bindings/modulegen__gcc_ILP32.py:1808: Warning: exception TypeConfigurationError('direction not given',) in wrapper public: retval? ???::Serialize (params?) const;
  is_const=True)
/home/brook/nsuser/ns-allinone-3.15/ns-3.15/src/dsr/bindings/modulegen__gcc_ILP32.py:1816: Warning: exception TypeConfigurationError('direction not given',) in wrapper public: retval? ???::Set (params?);
  [param('uint8_t *', 'address')])
/home/brook/nsuser/ns-allinone-3.15/ns-3.15/src/dsr/bindings/modulegen__gcc_ILP32.py:1881: Warning: exception TypeConfigurationError('direction not given',) in wrapper <pybindgen.cppmethod.CppConstructor object at 0xa82e4ac>
  cls.add_constructor([param('uint8_t *', 'prefix')])
/home/brook/nsuser/ns-allinone-3.15/ns-3.15/src/dsr/bindings/modulegen__gcc_ILP32.py:1894: Warning: exception TypeConfigurationError('direction not given',) in wrapper public: retval? ???::GetBytes (params?) const;
  is_const=True)
/home/brook/nsuser/ns-allinone-3.15/ns-3.15/src/dsr/bindings/modulegen__gcc_ILP32.py:1929: Warning: exception TypeLookupError(['std::ostream &'],) in wrapper public: retval? ???::Print (params?) const;
  is_const=True)
/home/brook/nsuser/ns-allinone-3.15/ns-3.15/src/dsr/bindings/modulegen__gcc_ILP32.py:1956: Warning: exception TypeConfigurationError('direction not given',) in wrapper public: retval? ???::CopyFrom (params?);
  [param('uint8_t const *', 'buffer')])
/home/brook/nsuser/ns-allinone-3.15/ns-3.15/src/dsr/bindings/modulegen__gcc_ILP32.py:1961: Warning: exception TypeConfigurationError('direction not given',) in wrapper public: retval? ???::CopyTo (params?) const;
  is_const=True)
/home/brook/nsuser/ns-allinone-3.15/ns-3.15/src/dsr/bindings/modulegen__gcc_ILP32.py:2037: Warning: exception TypeLookupError(['__gnu_cxx::__normal_iterator< ns3::Ptr< ns3::Node > const, std::vector< ns3::Ptr< ns3::Node > > >'],) in wrapper public: retval? ???::Begin (params?) const;
  is_const=True)
/home/brook/nsuser/ns-allinone-3.15/ns-3.15/src/dsr/bindings/modulegen__gcc_ILP32.py:2050: Warning: exception TypeLookupError(['__gnu_cxx::__normal_iterator< ns3::Ptr< ns3::Node > const, std::vector< ns3::Ptr< ns3::Node > > >'],) in wrapper public: retval? ???::End (params?) const;
  is_const=True)
/home/brook/nsuser/ns-allinone-3.15/ns-3.15/src/dsr/bindings/modulegen__gcc_ILP32.py:2138: Warning: exception TypeConfigurationError('Missing transfer_ownership option',) in wrapper public: retval? ???::Delete (params?);
  is_static=True)
/home/brook/nsuser/ns-allinone-3.15/ns-3.15/src/dsr/bindings/modulegen__gcc_ILP32.py:2211: Warning: exception TypeConfigurationError('direction not given',) in wrapper public: retval? ???::Deserialize (params?);
  [param('uint8_t const *', 'buffer'), param('uint32_t', 'size')])
/home/brook/nsuser/ns-allinone-3.15/ns-3.15/src/dsr/bindings/modulegen__gcc_ILP32.py:2252: Warning: exception TypeConfigurationError('direction not given',) in wrapper public: retval? ???::Serialize (params?) const;
  is_const=True)
bindings/python/ns3modulegen-modular.py:27: UserWarning: exception TypeLookupError(['uint8_t [ 20 ]'],) in wrapper None
  warnings.warn("exception %r in wrapper %s" % (exception, wrapper))
bindings/python/ns3modulegen-modular.py:27: UserWarning: exception TypeConfigurationError('Either caller_owns_return or self.reference_existing_object must be given',) in wrapper None
  warnings.warn("exception %r in wrapper %s" % (exception, wrapper))
/home/brook/nsuser/ns-allinone-3.15/ns-3.15/src/dsr/bindings/modulegen__gcc_ILP32.py:2403: Warning: exception TypeLookupError(['ns3::Ptr< ns3::SimulatorImpl >', 'ns3::SimulatorImpl *'],) in wrapper public: retval? ???::GetImplementation (params?);
  is_static=True)
/home/brook/nsuser/ns-allinone-3.15/ns-3.15/src/dsr/bindings/modulegen__gcc_ILP32.py:2438: Warning: exception TypeLookupError(['ns3::Ptr< ns3::SimulatorImpl >', 'ns3::SimulatorImpl *'],) in wrapper public: retval? ???::SetImplementation (params?);
  is_static=True)
/home/brook/nsuser/ns-allinone-3.15/ns-3.15/src/dsr/bindings/modulegen__gcc_ILP32.py:2510: Warning: exception TypeLookupError(['std::ostream &'],) in wrapper public: virtual retval? ???::Print (params?) const = 0;
  is_pure_virtual=True, is_const=True, is_virtual=True)
/home/brook/nsuser/ns-allinone-3.15/ns-3.15/src/dsr/bindings/modulegen__gcc_ILP32.py:2522: Warning: exception TypeConfigurationError('direction not given',) in wrapper <pybindgen.cppmethod.CppConstructor object at 0xa98896c>
  cls.add_constructor([param('uint8_t *', 'start'), param('uint8_t *', 'end')])
/home/brook/nsuser/ns-allinone-3.15/ns-3.15/src/dsr/bindings/modulegen__gcc_ILP32.py:2530: Warning: exception TypeConfigurationError('direction not given',) in wrapper public: retval? ???::Read (params?);
  [param('uint8_t *', 'buffer'), param('uint32_t', 'size')])
/home/brook/nsuser/ns-allinone-3.15/ns-3.15/src/dsr/bindings/modulegen__gcc_ILP32.py:2558: Warning: exception TypeConfigurationError('direction not given',) in wrapper public: retval? ???::Write (params?);
  [param('uint8_t const *', 'buffer'), param('uint32_t', 'size')])
/home/brook/nsuser/ns-allinone-3.15/ns-3.15/src/dsr/bindings/modulegen__gcc_ILP32.py:2707: Warning: exception TypeLookupError(['ns3::Callback< ns3::ObjectBase *, ns3::empty, ns3::empty, ns3::empty, ns3::empty, ns3::empty, ns3::empty, ns3::empty, ns3::empty, ns3::empty >'],) in wrapper public: retval? ???::GetConstructor (params?) const;
  is_const=True)
bindings/python/ns3modulegen-modular.py:27: UserWarning: exception TypeLookupError(['short unsigned int'],) in wrapper None
  warnings.warn("exception %r in wrapper %s" % (exception, wrapper))
/home/brook/nsuser/ns-allinone-3.15/ns-3.15/src/dsr/bindings/modulegen__gcc_ILP32.py:3123: Warning: exception TypeLookupError(['std::ostream &'],) in wrapper public: virtual retval? ???::Print (params?) const = 0;
  is_pure_virtual=True, is_const=True, is_virtual=True)
/home/brook/nsuser/ns-allinone-3.15/ns-3.15/src/dsr/bindings/modulegen__gcc_ILP32.py:3151: Warning: exception TypeLookupError(['std::ostream &'],) in wrapper public: virtual retval? ???::Print (params?) const = 0;
  is_pure_virtual=True, is_const=True, is_virtual=True)
/home/brook/nsuser/ns-allinone-3.15/ns-3.15/src/dsr/bindings/modulegen__gcc_ILP32.py:3168: Warning: exception TypeConfigurationError('direction not given',) in wrapper public: retval? ???::GetData (params?) const;
  is_const=True)
/home/brook/nsuser/ns-allinone-3.15/ns-3.15/src/dsr/bindings/modulegen__gcc_ILP32.py:3215: Warning: exception TypeLookupError(['std::ostream &'],) in wrapper private: virtual retval? ???::Print (params?) const;
  is_const=True, visibility='private', is_virtual=True)
/home/brook/nsuser/ns-allinone-3.15/ns-3.15/src/dsr/bindings/modulegen__gcc_ILP32.py:3237: Warning: exception TypeConfigurationError('direction not given',) in wrapper public: retval? ???::GetData (params?) const;
  is_const=True)
/home/brook/nsuser/ns-allinone-3.15/ns-3.15/src/dsr/bindings/modulegen__gcc_ILP32.py:3272: Warning: exception TypeLookupError(['std::ostream &'],) in wrapper public: virtual retval? ???::Print (params?) const;
  is_const=True, is_virtual=True)
/home/brook/nsuser/ns-allinone-3.15/ns-3.15/src/dsr/bindings/modulegen__gcc_ILP32.py:3335: Warning: exception TypeLookupError(['std::ostream &'],) in wrapper public: virtual retval? ???::Print (params?) const;
  is_const=True, is_virtual=True)
/home/brook/nsuser/ns-allinone-3.15/ns-3.15/src/dsr/bindings/modulegen__gcc_ILP32.py:3365: Warning: exception TypeConfigurationError('direction not given',) in wrapper public: retval? ???::GetData (params?) const;
  is_const=True)
/home/brook/nsuser/ns-allinone-3.15/ns-3.15/src/dsr/bindings/modulegen__gcc_ILP32.py:3390: Warning: exception TypeLookupError(['std::ostream &'],) in wrapper public: virtual retval? ???::Print (params?) const;
  is_const=True, is_virtual=True)
/home/brook/nsuser/ns-allinone-3.15/ns-3.15/src/dsr/bindings/modulegen__gcc_ILP32.py:3514: Warning: exception TypeLookupError(['std::ostream &'],) in wrapper public: virtual retval? ???::Print (params?) const;
  is_const=True, is_virtual=True)
/home/brook/nsuser/ns-allinone-3.15/ns-3.15/src/dsr/bindings/modulegen__gcc_ILP32.py:3642: Warning: exception TypeLookupError(['std::ostream &'],) in wrapper public: virtual retval? ???::Print (params?) const;
  is_const=True, is_virtual=True)
/home/brook/nsuser/ns-allinone-3.15/ns-3.15/src/dsr/bindings/modulegen__gcc_ILP32.py:3784: Warning: exception TypeLookupError(['ns3::RngStream *'],) in wrapper protected: retval? ???::Peek (params?) const;
  is_const=True, visibility='protected')
/home/brook/nsuser/ns-allinone-3.15/ns-3.15/src/dsr/bindings/modulegen__gcc_ILP32.py:4077: Warning: exception TypeConfigurationError('direction not given',) in wrapper public: retval? ???::Recv (params?);
  [param('uint8_t *', 'buf'), param('uint32_t', 'size'), param('uint32_t', 'flags')])
/home/brook/nsuser/ns-allinone-3.15/ns-3.15/src/dsr/bindings/modulegen__gcc_ILP32.py:4090: Warning: exception TypeConfigurationError('direction not given',) in wrapper public: retval? ???::RecvFrom (params?);
  [param('uint8_t *', 'buf'), param('uint32_t', 'size'), param('uint32_t', 'flags'), param('ns3::Address &', 'fromAddress')])
/home/brook/nsuser/ns-allinone-3.15/ns-3.15/src/dsr/bindings/modulegen__gcc_ILP32.py:4103: Warning: exception TypeConfigurationError('direction not given',) in wrapper public: retval? ???::Send (params?);
  [param('uint8_t const *', 'buf'), param('uint32_t', 'size'), param('uint32_t', 'flags')])
/home/brook/nsuser/ns-allinone-3.15/ns-3.15/src/dsr/bindings/modulegen__gcc_ILP32.py:4112: Warning: exception TypeConfigurationError('direction not given',) in wrapper public: retval? ???::SendTo (params?);
  [param('uint8_t const *', 'buf'), param('uint32_t', 'size'), param('uint32_t', 'flags'), param('ns3::Address const &', 'address')])
/home/brook/nsuser/ns-allinone-3.15/ns-3.15/src/dsr/bindings/modulegen__gcc_ILP32.py:4242: Warning: exception TypeLookupError(['std::ostream &'],) in wrapper public: virtual retval? ???::Print (params?) const;
  is_const=True, is_virtual=True)
/home/brook/nsuser/ns-allinone-3.15/ns-3.15/src/dsr/bindings/modulegen__gcc_ILP32.py:4288: Warning: exception TypeLookupError(['std::ostream &'],) in wrapper public: virtual retval? ???::Print (params?) const;
  is_const=True, is_virtual=True)
/home/brook/nsuser/ns-allinone-3.15/ns-3.15/src/dsr/bindings/modulegen__gcc_ILP32.py:4342: Warning: exception TypeLookupError(['std::ostream &'],) in wrapper public: virtual retval? ???::Print (params?) const;
  is_const=True, is_virtual=True)
/home/brook/nsuser/ns-allinone-3.15/ns-3.15/src/dsr/bindings/modulegen__gcc_ILP32.py:4558: Warning: exception TypeLookupError(['std::ostream &'],) in wrapper public: virtual retval? ???::Print (params?) const = 0;
  is_pure_virtual=True, is_const=True, is_virtual=True)
/home/brook/nsuser/ns-allinone-3.15/ns-3.15/src/dsr/bindings/modulegen__gcc_ILP32.py:4729: Warning: exception TypeLookupError(['std::ostream &'],) in wrapper public: virtual retval? ???::Print (params?) const;
  is_const=True, is_virtual=True)
/home/brook/nsuser/ns-allinone-3.15/ns-3.15/src/dsr/bindings/modulegen__gcc_ILP32.py:4885: Warning: exception TypeLookupError(['ns3::Callback< void, ns3::Ptr< ns3::Packet >, ns3::Mac48Address, ns3::Mac48Address, ns3::empty, ns3::empty, ns3::empty, ns3::empty, ns3::empty, ns3::empty >'],) in wrapper public: virtual retval? ???::SetForwardUpCallback (params?) = 0;
  is_pure_virtual=True, is_virtual=True)
/home/brook/nsuser/ns-allinone-3.15/ns-3.15/src/dsr/bindings/modulegen__gcc_ILP32.py:4890: Warning: exception TypeLookupError(['ns3::Callback< void, ns3::empty, ns3::empty, ns3::empty, ns3::empty, ns3::empty, ns3::empty, ns3::empty, ns3::empty, ns3::empty >'],) in wrapper public: virtual retval? ???::SetLinkDownCallback (params?) = 0;
  is_pure_virtual=True, is_virtual=True)
/home/brook/nsuser/ns-allinone-3.15/ns-3.15/src/dsr/bindings/modulegen__gcc_ILP32.py:4895: Warning: exception TypeLookupError(['ns3::Callback< void, ns3::empty, ns3::empty, ns3::empty, ns3::empty, ns3::empty, ns3::empty, ns3::empty, ns3::empty, ns3::empty >'],) in wrapper public: virtual retval? ???::SetLinkUpCallback (params?) = 0;
  is_pure_virtual=True, is_virtual=True)
/home/brook/nsuser/ns-allinone-3.15/ns-3.15/src/dsr/bindings/modulegen__gcc_ILP32.py:4944: Warning: exception TypeLookupError(['ns3::Ptr< ns3::Dcf >', 'ns3::Dcf *'],) in wrapper protected: retval? ???::ConfigureCCHDcf (params?);
  visibility='protected')
/home/brook/nsuser/ns-allinone-3.15/ns-3.15/src/dsr/bindings/modulegen__gcc_ILP32.py:4949: Warning: exception TypeLookupError(['ns3::Ptr< ns3::Dcf >', 'ns3::Dcf *'],) in wrapper protected: retval? ???::ConfigureDcf (params?);
  visibility='protected')
/home/brook/nsuser/ns-allinone-3.15/ns-3.15/src/dsr/bindings/modulegen__gcc_ILP32.py:5216: Warning: exception TypeLookupError(['std::ostream &'],) in wrapper public: virtual retval? ???::Print (params?) const;
  is_const=True, is_virtual=True)
/home/brook/nsuser/ns-allinone-3.15/ns-3.15/src/dsr/bindings/modulegen__gcc_ILP32.py:5405: Warning: exception TypeLookupError(['ns3::Ptr< ns3::WifiChannel >', 'ns3::WifiChannel *'],) in wrapper public: virtual retval? ???::GetChannel (params?) const = 0;
  is_pure_virtual=True, is_const=True, is_virtual=True)
/home/brook/nsuser/ns-allinone-3.15/ns-3.15/src/dsr/bindings/modulegen__gcc_ILP32.py:5722: Warning: exception TypeConfigurationError('Missing transfer_ownership option',) in wrapper public: virtual retval? ???::RegisterListener (params?) = 0;
  is_pure_virtual=True, is_virtual=True)
/home/brook/nsuser/ns-allinone-3.15/ns-3.15/src/dsr/bindings/modulegen__gcc_ILP32.py:5737: Warning: exception TypeLookupError(['ns3::Callback< void, ns3::Ptr< ns3::Packet const >, double, ns3::empty, ns3::empty, ns3::empty, ns3::empty, ns3::empty, ns3::empty, ns3::empty >'],) in wrapper public: virtual retval? ???::SetReceiveErrorCallback (params?) = 0;
  is_pure_virtual=True, is_virtual=True)
/home/brook/nsuser/ns-allinone-3.15/ns-3.15/src/dsr/bindings/modulegen__gcc_ILP32.py:5742: Warning: exception TypeLookupError(['ns3::Callback< void, ns3::Ptr< ns3::Packet >, double, ns3::WifiMode, ns3::WifiPreamble, ns3::empty, ns3::empty, ns3::empty, ns3::empty, ns3::empty >'],) in wrapper public: virtual retval? ???::SetReceiveOkCallback (params?) = 0;
  is_pure_virtual=True, is_virtual=True)
/home/brook/nsuser/ns-allinone-3.15/ns-3.15/src/dsr/bindings/modulegen__gcc_ILP32.py:5962: Warning: exception TypeConfigurationError('Either caller_owns_return or self.reference_existing_object must be given',) in wrapper private: virtual retval? ???::DoCreateStation (params?) const = 0;
  is_pure_virtual=True, is_const=True, visibility='private', is_virtual=True)
/home/brook/nsuser/ns-allinone-3.15/ns-3.15/src/dsr/bindings/modulegen__gcc_ILP32.py:5967: Warning: exception TypeConfigurationError('Missing transfer_ownership option',) in wrapper private: virtual retval? ???::DoGetDataMode (params?) = 0;
  is_pure_virtual=True, visibility='private', is_virtual=True)
/home/brook/nsuser/ns-allinone-3.15/ns-3.15/src/dsr/bindings/modulegen__gcc_ILP32.py:5972: Warning: exception TypeConfigurationError('Missing transfer_ownership option',) in wrapper private: virtual retval? ???::DoGetRtsMode (params?) = 0;
  is_pure_virtual=True, visibility='private', is_virtual=True)
/home/brook/nsuser/ns-allinone-3.15/ns-3.15/src/dsr/bindings/modulegen__gcc_ILP32.py:5977: Warning: exception TypeConfigurationError('Missing transfer_ownership option',) in wrapper private: virtual retval? ???::DoNeedDataRetransmission (params?);
  visibility='private', is_virtual=True)
/home/brook/nsuser/ns-allinone-3.15/ns-3.15/src/dsr/bindings/modulegen__gcc_ILP32.py:5982: Warning: exception TypeConfigurationError('Missing transfer_ownership option',) in wrapper private: virtual retval? ???::DoNeedFragmentation (params?);
  visibility='private', is_virtual=True)
/home/brook/nsuser/ns-allinone-3.15/ns-3.15/src/dsr/bindings/modulegen__gcc_ILP32.py:5987: Warning: exception TypeConfigurationError('Missing transfer_ownership option',) in wrapper private: virtual retval? ???::DoNeedRts (params?);
  visibility='private', is_virtual=True)
/home/brook/nsuser/ns-allinone-3.15/ns-3.15/src/dsr/bindings/modulegen__gcc_ILP32.py:5992: Warning: exception TypeConfigurationError('Missing transfer_ownership option',) in wrapper private: virtual retval? ???::DoNeedRtsRetransmission (params?);
  visibility='private', is_virtual=True)
/home/brook/nsuser/ns-allinone-3.15/ns-3.15/src/dsr/bindings/modulegen__gcc_ILP32.py:5997: Warning: exception TypeConfigurationError('Missing transfer_ownership option',) in wrapper private: virtual retval? ???::DoReportDataFailed (params?) = 0;
  is_pure_virtual=True, visibility='private', is_virtual=True)
/home/brook/nsuser/ns-allinone-3.15/ns-3.15/src/dsr/bindings/modulegen__gcc_ILP32.py:6002: Warning: exception TypeConfigurationError('Missing transfer_ownership option',) in wrapper private: virtual retval? ???::DoReportDataOk (params?) = 0;
  is_pure_virtual=True, visibility='private', is_virtual=True)
/home/brook/nsuser/ns-allinone-3.15/ns-3.15/src/dsr/bindings/modulegen__gcc_ILP32.py:6007: Warning: exception TypeConfigurationError('Missing transfer_ownership option',) in wrapper private: virtual retval? ???::DoReportFinalDataFailed (params?) = 0;
  is_pure_virtual=True, visibility='private', is_virtual=True)
/home/brook/nsuser/ns-allinone-3.15/ns-3.15/src/dsr/bindings/modulegen__gcc_ILP32.py:6012: Warning: exception TypeConfigurationError('Missing transfer_ownership option',) in wrapper private: virtual retval? ???::DoReportFinalRtsFailed (params?) = 0;
  is_pure_virtual=True, visibility='private', is_virtual=True)
/home/brook/nsuser/ns-allinone-3.15/ns-3.15/src/dsr/bindings/modulegen__gcc_ILP32.py:6017: Warning: exception TypeConfigurationError('Missing transfer_ownership option',) in wrapper private: virtual retval? ???::DoReportRtsFailed (params?) = 0;
  is_pure_virtual=True, visibility='private', is_virtual=True)
/home/brook/nsuser/ns-allinone-3.15/ns-3.15/src/dsr/bindings/modulegen__gcc_ILP32.py:6022: Warning: exception TypeConfigurationError('Missing transfer_ownership option',) in wrapper private: virtual retval? ???::DoReportRtsOk (params?) = 0;
  is_pure_virtual=True, visibility='private', is_virtual=True)
/home/brook/nsuser/ns-allinone-3.15/ns-3.15/src/dsr/bindings/modulegen__gcc_ILP32.py:6027: Warning: exception TypeConfigurationError('Missing transfer_ownership option',) in wrapper private: virtual retval? ???::DoReportRxOk (params?) = 0;
  is_pure_virtual=True, visibility='private', is_virtual=True)
/home/brook/nsuser/ns-allinone-3.15/ns-3.15/src/dsr/bindings/modulegen__gcc_ILP32.py:6112: Warning: exception TypeConfigurationError('Either caller_owns_return or self.reference_existing_object must be given',) in wrapper public: retval? ???::Add (params?);
  [param('ns3::Ipv4Address', 'to')])
/home/brook/nsuser/ns-allinone-3.15/ns-3.15/src/dsr/bindings/modulegen__gcc_ILP32.py:6150: Warning: exception TypeConfigurationError('Either caller_owns_return or self.reference_existing_object must be given',) in wrapper public: retval? ???::Lookup (params?);
  [param('ns3::Ipv4Address', 'destination')])
/home/brook/nsuser/ns-allinone-3.15/ns-3.15/src/dsr/bindings/modulegen__gcc_ILP32.py:6186: Warning: exception TypeConfigurationError('Missing transfer_ownership option',) in wrapper <pybindgen.cppmethod.CppConstructor object at 0xb0c620c>
  cls.add_constructor([param('ns3::ArpCache *', 'arp')])
/home/brook/nsuser/ns-allinone-3.15/ns-3.15/src/dsr/bindings/modulegen__gcc_ILP32.py:6729: Warning: exception TypeLookupError(['ns3::Callback< void, ns3::Ptr< ns3::Packet >, ns3::Ipv4Address, ns3::Ipv4Address, unsigned char, ns3::Ptr< ns3::Ipv4Route >, ns3::empty, ns3::empty, ns3::empty, ns3::empty >'],) in wrapper public: virtual retval? ???::GetDownTarget (params?) const = 0;
  is_pure_virtual=True, is_const=True, is_virtual=True)
/home/brook/nsuser/ns-allinone-3.15/ns-3.15/src/dsr/bindings/modulegen__gcc_ILP32.py:6734: Warning: exception TypeLookupError(['ns3::Callback< void, ns3::Ptr< ns3::Packet >, ns3::Ipv6Address, ns3::Ipv6Address, unsigned char, ns3::Ptr< ns3::Ipv6Route >, ns3::empty, ns3::empty, ns3::empty, ns3::empty >'],) in wrapper public: virtual retval? ???::GetDownTarget6 (params?) const = 0;
  is_pure_virtual=True, is_const=True, is_virtual=True)
/home/brook/nsuser/ns-allinone-3.15/ns-3.15/src/dsr/bindings/modulegen__gcc_ILP32.py:6759: Warning: exception TypeConfigurationError('direction not given',) in wrapper public: virtual retval? ???::ReceiveIcmp (params?);
  is_virtual=True)
/home/brook/nsuser/ns-allinone-3.15/ns-3.15/src/dsr/bindings/modulegen__gcc_ILP32.py:6764: Warning: exception TypeConfigurationError('direction not given',) in wrapper public: virtual retval? ???::ReceiveIcmp (params?);
  is_virtual=True)
/home/brook/nsuser/ns-allinone-3.15/ns-3.15/src/dsr/bindings/modulegen__gcc_ILP32.py:6774: Warning: exception TypeLookupError(['ns3::Callback< void, ns3::Ptr< ns3::Packet >, ns3::Ipv6Address, ns3::Ipv6Address, unsigned char, ns3::Ptr< ns3::Ipv6Route >, ns3::empty, ns3::empty, ns3::empty, ns3::empty >'],) in wrapper public: virtual retval? ???::SetDownTarget6 (params?) = 0;
  is_pure_virtual=True, is_virtual=True)
/home/brook/nsuser/ns-allinone-3.15/ns-3.15/src/dsr/bindings/modulegen__gcc_ILP32.py:7466: Warning: exception TypeLookupError(['ns3::Callback< void, ns3::Ptr< ns3::Ipv4Route >, ns3::Ptr< ns3::Packet const >, ns3::Ipv4Header const &, ns3::empty, ns3::empty, ns3::empty, ns3::empty, ns3::empty, ns3::empty >'],) in wrapper public: virtual retval? ???::RouteInput (params?) = 0;
  is_pure_virtual=True, is_virtual=True)
/home/brook/nsuser/ns-allinone-3.15/ns-3.15/src/dsr/bindings/modulegen__gcc_ILP32.py:7787: Warning: exception TypeLookupError(['ns3::Callback< void, ns3::empty, ns3::empty, ns3::empty, ns3::empty, ns3::empty, ns3::empty, ns3::empty, ns3::empty, ns3::empty >'],) in wrapper public: virtual retval? ???::AddLinkChangeCallback (params?) = 0;
  is_pure_virtual=True, is_virtual=True)
/home/brook/nsuser/ns-allinone-3.15/ns-3.15/src/dsr/bindings/modulegen__gcc_ILP32.py:7802: Warning: exception TypeLookupError(['ns3::Ptr< ns3::Channel >', 'ns3::Channel *'],) in wrapper public: virtual retval? ???::GetChannel (params?) const = 0;
  is_pure_virtual=True, is_const=True, is_virtual=True)
/home/brook/nsuser/ns-allinone-3.15/ns-3.15/src/dsr/bindings/modulegen__gcc_ILP32.py:7897: Warning: exception TypeLookupError(['ns3::Callback< bool, ns3::Ptr< ns3::NetDevice >, ns3::Ptr< ns3::Packet const >, short unsigned int, ns3::Address const &, ns3::Address const &, ns3::NetDevice::PacketType, ns3::empty, ns3::empty, ns3::empty >'],) in wrapper public: virtual retval? ???::SetPromiscReceiveCallback (params?) = 0;
  is_pure_virtual=True, is_virtual=True)
/home/brook/nsuser/ns-allinone-3.15/ns-3.15/src/dsr/bindings/modulegen__gcc_ILP32.py:7902: Warning: exception TypeLookupError(['ns3::Callback< bool, ns3::Ptr< ns3::NetDevice >, ns3::Ptr< ns3::Packet const >, short unsigned int, ns3::Address const &, ns3::empty, ns3::empty, ns3::empty, ns3::empty, ns3::empty >'],) in wrapper public: virtual retval? ???::SetReceiveCallback (params?) = 0;
  is_pure_virtual=True, is_virtual=True)
/home/brook/nsuser/ns-allinone-3.15/ns-3.15/src/dsr/bindings/modulegen__gcc_ILP32.py:7964: Warning: exception TypeLookupError(['ns3::Ptr< ns3::Application >', 'ns3::Application *'],) in wrapper public: retval? ???::AddApplication (params?);
  [param('ns3::Ptr< ns3::Application >', 'application')])
/home/brook/nsuser/ns-allinone-3.15/ns-3.15/src/dsr/bindings/modulegen__gcc_ILP32.py:7978: Warning: exception TypeLookupError(['ns3::Ptr< ns3::Application >', 'ns3::Application *'],) in wrapper public: retval? ???::GetApplication (params?) const;
  is_const=True)
/home/brook/nsuser/ns-allinone-3.15/ns-3.15/src/dsr/bindings/modulegen__gcc_ILP32.py:8012: Warning: exception TypeLookupError(['ns3::Callback< void, ns3::Ptr< ns3::NetDevice >, ns3::empty, ns3::empty, ns3::empty, ns3::empty, ns3::empty, ns3::empty, ns3::empty, ns3::empty >'],) in wrapper public: retval? ???::RegisterDeviceAdditionListener (params?);
  [param('ns3::Callback< void, ns3::Ptr< ns3::NetDevice >, ns3::empty, ns3::empty, ns3::empty, ns3::empty, ns3::empty, ns3::empty, ns3::empty, ns3::empty >', 'listener')])
/home/brook/nsuser/ns-allinone-3.15/ns-3.15/src/dsr/bindings/modulegen__gcc_ILP32.py:8020: Warning: exception TypeLookupError(['ns3::Callback< void, ns3::Ptr< ns3::NetDevice >, ns3::empty, ns3::empty, ns3::empty, ns3::empty, ns3::empty, ns3::empty, ns3::empty, ns3::empty >'],) in wrapper public: retval? ???::UnregisterDeviceAdditionListener (params?);
  [param('ns3::Callback< void, ns3::Ptr< ns3::NetDevice >, ns3::empty, ns3::empty, ns3::empty, ns3::empty, ns3::empty, ns3::empty, ns3::empty, ns3::empty >', 'listener')])
/home/brook/nsuser/ns-allinone-3.15/ns-3.15/src/dsr/bindings/modulegen__gcc_ILP32.py:8128: Warning: exception TypeLookupError(['std::ostream *'],) in wrapper <pybindgen.cppmethod.CppConstructor object at 0xb5d7bec>
  cls.add_constructor([param('std::ostream *', 'os')])
/home/brook/nsuser/ns-allinone-3.15/ns-3.15/src/dsr/bindings/modulegen__gcc_ILP32.py:8132: Warning: exception TypeLookupError(['std::ostream *'],) in wrapper public: retval? ???::GetStream (params?);
  [])
/home/brook/nsuser/ns-allinone-3.15/ns-3.15/src/dsr/bindings/modulegen__gcc_ILP32.py:8144: Warning: exception TypeConfigurationError('direction not given',) in wrapper <pybindgen.cppmethod.CppConstructor object at 0xb5dab6c>
  cls.add_constructor([param('uint8_t const *', 'buffer'), param('uint32_t', 'size'), param('bool', 'magic')])
/home/brook/nsuser/ns-allinone-3.15/ns-3.15/src/dsr/bindings/modulegen__gcc_ILP32.py:8146: Warning: exception TypeConfigurationError('direction not given',) in wrapper <pybindgen.cppmethod.CppConstructor object at 0xb5dab8c>
  cls.add_constructor([param('uint8_t const *', 'buffer'), param('uint32_t', 'size')])
/home/brook/nsuser/ns-allinone-3.15/ns-3.15/src/dsr/bindings/modulegen__gcc_ILP32.py:8187: Warning: exception TypeConfigurationError('direction not given',) in wrapper public: retval? ???::CopyData (params?) const;
  is_const=True)
/home/brook/nsuser/ns-allinone-3.15/ns-3.15/src/dsr/bindings/modulegen__gcc_ILP32.py:8192: Warning: exception TypeLookupError(['std::ostream *'],) in wrapper public: retval? ???::CopyData (params?) const;
  is_const=True)
/home/brook/nsuser/ns-allinone-3.15/ns-3.15/src/dsr/bindings/modulegen__gcc_ILP32.py:8247: Warning: exception TypeLookupError(['uint8_t *'],) in wrapper public: retval? ???::PeekData (params?) const;
  deprecated=True, is_const=True)
/home/brook/nsuser/ns-allinone-3.15/ns-3.15/src/dsr/bindings/modulegen__gcc_ILP32.py:8266: Warning: exception TypeLookupError(['std::ostream &'],) in wrapper public: retval? ???::Print (params?) const;
  is_const=True)
/home/brook/nsuser/ns-allinone-3.15/ns-3.15/src/dsr/bindings/modulegen__gcc_ILP32.py:8271: Warning: exception TypeLookupError(['std::ostream &'],) in wrapper public: retval? ???::PrintByteTags (params?) const;
  is_const=True)
/home/brook/nsuser/ns-allinone-3.15/ns-3.15/src/dsr/bindings/modulegen__gcc_ILP32.py:8276: Warning: exception TypeLookupError(['std::ostream &'],) in wrapper public: retval? ???::PrintPacketTags (params?) const;
  is_const=True)
/home/brook/nsuser/ns-allinone-3.15/ns-3.15/src/dsr/bindings/modulegen__gcc_ILP32.py:8309: Warning: exception TypeConfigurationError('direction not given',) in wrapper public: retval? ???::Serialize (params?) const;
  is_const=True)
/home/brook/nsuser/ns-allinone-3.15/ns-3.15/src/dsr/bindings/modulegen__gcc_ILP32.py:8476: Warning: exception TypeLookupError(['ns3::Ipv4EndPoint *'],) in wrapper public: retval? ???::Allocate (params?);
  [])
/home/brook/nsuser/ns-allinone-3.15/ns-3.15/src/dsr/bindings/modulegen__gcc_ILP32.py:8480: Warning: exception TypeLookupError(['ns3::Ipv4EndPoint *'],) in wrapper public: retval? ???::Allocate (params?);
  [param('ns3::Ipv4Address', 'address')])
/home/brook/nsuser/ns-allinone-3.15/ns-3.15/src/dsr/bindings/modulegen__gcc_ILP32.py:8484: Warning: exception TypeLookupError(['ns3::Ipv4EndPoint *'],) in wrapper public: retval? ???::Allocate (params?);
  [param('uint16_t', 'port')])
/home/brook/nsuser/ns-allinone-3.15/ns-3.15/src/dsr/bindings/modulegen__gcc_ILP32.py:8488: Warning: exception TypeLookupError(['ns3::Ipv4EndPoint *'],) in wrapper public: retval? ???::Allocate (params?);
  [param('ns3::Ipv4Address', 'address'), param('uint16_t', 'port')])
/home/brook/nsuser/ns-allinone-3.15/ns-3.15/src/dsr/bindings/modulegen__gcc_ILP32.py:8492: Warning: exception TypeLookupError(['ns3::Ipv4EndPoint *'],) in wrapper public: retval? ???::Allocate (params?);
  [param('ns3::Ipv4Address', 'localAddress'), param('uint16_t', 'localPort'), param('ns3::Ipv4Address', 'peerAddress'), param('uint16_t', 'peerPort')])
/home/brook/nsuser/ns-allinone-3.15/ns-3.15/src/dsr/bindings/modulegen__gcc_ILP32.py:8496: Warning: exception TypeLookupError(['ns3::Ipv6EndPoint *'],) in wrapper public: retval? ???::Allocate6 (params?);
  [])
/home/brook/nsuser/ns-allinone-3.15/ns-3.15/src/dsr/bindings/modulegen__gcc_ILP32.py:8500: Warning: exception TypeLookupError(['ns3::Ipv6EndPoint *'],) in wrapper public: retval? ???::Allocate6 (params?);
  [param('ns3::Ipv6Address', 'address')])
/home/brook/nsuser/ns-allinone-3.15/ns-3.15/src/dsr/bindings/modulegen__gcc_ILP32.py:8504: Warning: exception TypeLookupError(['ns3::Ipv6EndPoint *'],) in wrapper public: retval? ???::Allocate6 (params?);
  [param('uint16_t', 'port')])
/home/brook/nsuser/ns-allinone-3.15/ns-3.15/src/dsr/bindings/modulegen__gcc_ILP32.py:8508: Warning: exception TypeLookupError(['ns3::Ipv6EndPoint *'],) in wrapper public: retval? ???::Allocate6 (params?);
  [param('ns3::Ipv6Address', 'address'), param('uint16_t', 'port')])
/home/brook/nsuser/ns-allinone-3.15/ns-3.15/src/dsr/bindings/modulegen__gcc_ILP32.py:8512: Warning: exception TypeLookupError(['ns3::Ipv6EndPoint *'],) in wrapper public: retval? ???::Allocate6 (params?);
  [param('ns3::Ipv6Address', 'localAddress'), param('uint16_t', 'localPort'), param('ns3::Ipv6Address', 'peerAddress'), param('uint16_t', 'peerPort')])
/home/brook/nsuser/ns-allinone-3.15/ns-3.15/src/dsr/bindings/modulegen__gcc_ILP32.py:8516: Warning: exception TypeLookupError(['ns3::Ipv4EndPoint *'],) in wrapper public: retval? ???::DeAllocate (params?);
  [param('ns3::Ipv4EndPoint *', 'endPoint')])
/home/brook/nsuser/ns-allinone-3.15/ns-3.15/src/dsr/bindings/modulegen__gcc_ILP32.py:8520: Warning: exception TypeLookupError(['ns3::Ipv6EndPoint *'],) in wrapper public: retval? ???::DeAllocate (params?);
  [param('ns3::Ipv6EndPoint *', 'endPoint')])
/home/brook/nsuser/ns-allinone-3.15/ns-3.15/src/dsr/bindings/modulegen__gcc_ILP32.py:8548: Warning: exception TypeLookupError(['ns3::Callback< void, ns3::Ptr< ns3::Packet >, ns3::Ipv6Address, ns3::Ipv6Address, unsigned char, ns3::Ptr< ns3::Ipv6Route >, ns3::empty, ns3::empty, ns3::empty, ns3::empty >'],) in wrapper public: virtual retval? ???::SetDownTarget6 (params?);
  is_virtual=True)
/home/brook/nsuser/ns-allinone-3.15/ns-3.15/src/dsr/bindings/modulegen__gcc_ILP32.py:8553: Warning: exception TypeLookupError(['ns3::Callback< void, ns3::Ptr< ns3::Packet >, ns3::Ipv4Address, ns3::Ipv4Address, unsigned char, ns3::Ptr< ns3::Ipv4Route >, ns3::empty, ns3::empty, ns3::empty, ns3::empty >'],) in wrapper public: virtual retval? ???::GetDownTarget (params?) const;
  is_const=True, is_virtual=True)
/home/brook/nsuser/ns-allinone-3.15/ns-3.15/src/dsr/bindings/modulegen__gcc_ILP32.py:8558: Warning: exception TypeLookupError(['ns3::Callback< void, ns3::Ptr< ns3::Packet >, ns3::Ipv6Address, ns3::Ipv6Address, unsigned char, ns3::Ptr< ns3::Ipv6Route >, ns3::empty, ns3::empty, ns3::empty, ns3::empty >'],) in wrapper public: virtual retval? ???::GetDownTarget6 (params?) const;
  is_const=True, is_virtual=True)
/home/brook/nsuser/ns-allinone-3.15/ns-3.15/src/dsr/bindings/modulegen__gcc_ILP32.py:8677: Warning: exception TypeLookupError(['ns3::Ipv4EndPoint *'],) in wrapper public: retval? ???::Allocate (params?);
  [])
/home/brook/nsuser/ns-allinone-3.15/ns-3.15/src/dsr/bindings/modulegen__gcc_ILP32.py:8681: Warning: exception TypeLookupError(['ns3::Ipv4EndPoint *'],) in wrapper public: retval? ???::Allocate (params?);
  [param('ns3::Ipv4Address', 'address')])
/home/brook/nsuser/ns-allinone-3.15/ns-3.15/src/dsr/bindings/modulegen__gcc_ILP32.py:8685: Warning: exception TypeLookupError(['ns3::Ipv4EndPoint *'],) in wrapper public: retval? ???::Allocate (params?);
  [param('uint16_t', 'port')])
/home/brook/nsuser/ns-allinone-3.15/ns-3.15/src/dsr/bindings/modulegen__gcc_ILP32.py:8689: Warning: exception TypeLookupError(['ns3::Ipv4EndPoint *'],) in wrapper public: retval? ???::Allocate (params?);
  [param('ns3::Ipv4Address', 'address'), param('uint16_t', 'port')])
/home/brook/nsuser/ns-allinone-3.15/ns-3.15/src/dsr/bindings/modulegen__gcc_ILP32.py:8693: Warning: exception TypeLookupError(['ns3::Ipv4EndPoint *'],) in wrapper public: retval? ???::Allocate (params?);
  [param('ns3::Ipv4Address', 'localAddress'), param('uint16_t', 'localPort'), param('ns3::Ipv4Address', 'peerAddress'), param('uint16_t', 'peerPort')])
/home/brook/nsuser/ns-allinone-3.15/ns-3.15/src/dsr/bindings/modulegen__gcc_ILP32.py:8697: Warning: exception TypeLookupError(['ns3::Ipv6EndPoint *'],) in wrapper public: retval? ???::Allocate6 (params?);
  [])
/home/brook/nsuser/ns-allinone-3.15/ns-3.15/src/dsr/bindings/modulegen__gcc_ILP32.py:8701: Warning: exception TypeLookupError(['ns3::Ipv6EndPoint *'],) in wrapper public: retval? ???::Allocate6 (params?);
  [param('ns3::Ipv6Address', 'address')])
/home/brook/nsuser/ns-allinone-3.15/ns-3.15/src/dsr/bindings/modulegen__gcc_ILP32.py:8705: Warning: exception TypeLookupError(['ns3::Ipv6EndPoint *'],) in wrapper public: retval? ???::Allocate6 (params?);
  [param('uint16_t', 'port')])
/home/brook/nsuser/ns-allinone-3.15/ns-3.15/src/dsr/bindings/modulegen__gcc_ILP32.py:8709: Warning: exception TypeLookupError(['ns3::Ipv6EndPoint *'],) in wrapper public: retval? ???::Allocate6 (params?);
  [param('ns3::Ipv6Address', 'address'), param('uint16_t', 'port')])
/home/brook/nsuser/ns-allinone-3.15/ns-3.15/src/dsr/bindings/modulegen__gcc_ILP32.py:8713: Warning: exception TypeLookupError(['ns3::Ipv6EndPoint *'],) in wrapper public: retval? ???::Allocate6 (params?);
  [param('ns3::Ipv6Address', 'localAddress'), param('uint16_t', 'localPort'), param('ns3::Ipv6Address', 'peerAddress'), param('uint16_t', 'peerPort')])
/home/brook/nsuser/ns-allinone-3.15/ns-3.15/src/dsr/bindings/modulegen__gcc_ILP32.py:8717: Warning: exception TypeLookupError(['ns3::Ipv4EndPoint *'],) in wrapper public: retval? ???::DeAllocate (params?);
  [param('ns3::Ipv4EndPoint *', 'endPoint')])
/home/brook/nsuser/ns-allinone-3.15/ns-3.15/src/dsr/bindings/modulegen__gcc_ILP32.py:8721: Warning: exception TypeLookupError(['ns3::Ipv6EndPoint *'],) in wrapper public: retval? ???::DeAllocate (params?);
  [param('ns3::Ipv6EndPoint *', 'endPoint')])
/home/brook/nsuser/ns-allinone-3.15/ns-3.15/src/dsr/bindings/modulegen__gcc_ILP32.py:8737: Warning: exception TypeLookupError(['ns3::Ptr< ns3::Ipv6Route >', 'ns3::Ipv6Route *'],) in wrapper public: retval? ???::Send (params?);
  [param('ns3::Ptr< ns3::Packet >', 'packet'), param('ns3::Ipv6Address', 'saddr'), param('ns3::Ipv6Address', 'daddr'), param('uint16_t', 'sport'), param('uint16_t', 'dport'), param('ns3::Ptr< ns3::Ipv6Route >', 'route')])
/home/brook/nsuser/ns-allinone-3.15/ns-3.15/src/dsr/bindings/modulegen__gcc_ILP32.py:8752: Warning: exception TypeConfigurationError('direction not given',) in wrapper public: virtual retval? ???::ReceiveIcmp (params?);
  is_virtual=True)
/home/brook/nsuser/ns-allinone-3.15/ns-3.15/src/dsr/bindings/modulegen__gcc_ILP32.py:8757: Warning: exception TypeConfigurationError('direction not given',) in wrapper public: virtual retval? ???::ReceiveIcmp (params?);
  is_virtual=True)
/home/brook/nsuser/ns-allinone-3.15/ns-3.15/src/dsr/bindings/modulegen__gcc_ILP32.py:8767: Warning: exception TypeLookupError(['ns3::Callback< void, ns3::Ptr< ns3::Packet >, ns3::Ipv6Address, ns3::Ipv6Address, unsigned char, ns3::Ptr< ns3::Ipv6Route >, ns3::empty, ns3::empty, ns3::empty, ns3::empty >'],) in wrapper public: virtual retval? ???::SetDownTarget6 (params?);
  is_virtual=True)
/home/brook/nsuser/ns-allinone-3.15/ns-3.15/src/dsr/bindings/modulegen__gcc_ILP32.py:8772: Warning: exception TypeLookupError(['ns3::Callback< void, ns3::Ptr< ns3::Packet >, ns3::Ipv4Address, ns3::Ipv4Address, unsigned char, ns3::Ptr< ns3::Ipv4Route >, ns3::empty, ns3::empty, ns3::empty, ns3::empty >'],) in wrapper public: virtual retval? ???::GetDownTarget (params?) const;
  is_const=True, is_virtual=True)
/home/brook/nsuser/ns-allinone-3.15/ns-3.15/src/dsr/bindings/modulegen__gcc_ILP32.py:8777: Warning: exception TypeLookupError(['ns3::Callback< void, ns3::Ptr< ns3::Packet >, ns3::Ipv6Address, ns3::Ipv6Address, unsigned char, ns3::Ptr< ns3::Ipv6Route >, ns3::empty, ns3::empty, ns3::empty, ns3::empty >'],) in wrapper public: virtual retval? ???::GetDownTarget6 (params?) const;
  is_const=True, is_virtual=True)
/home/brook/nsuser/ns-allinone-3.15/ns-3.15/src/dsr/bindings/modulegen__gcc_ILP32.py:8912: Warning: exception TypeLookupError(['ns3::Callback< void, ns3::Ptr< ns3::Packet >, ns3::Ipv4Address, ns3::Ipv4Address, unsigned char, ns3::Ptr< ns3::Ipv4Route >, ns3::empty, ns3::empty, ns3::empty, ns3::empty >'],) in wrapper public: virtual retval? ???::GetDownTarget (params?) const;
  is_const=True, is_virtual=True)
/home/brook/nsuser/ns-allinone-3.15/ns-3.15/src/dsr/bindings/modulegen__gcc_ILP32.py:8917: Warning: exception TypeLookupError(['ns3::Callback< void, ns3::Ptr< ns3::Packet >, ns3::Ipv6Address, ns3::Ipv6Address, unsigned char, ns3::Ptr< ns3::Ipv6Route >, ns3::empty, ns3::empty, ns3::empty, ns3::empty >'],) in wrapper public: virtual retval? ???::GetDownTarget6 (params?) const;
  is_const=True, is_virtual=True)
/home/brook/nsuser/ns-allinone-3.15/ns-3.15/src/dsr/bindings/modulegen__gcc_ILP32.py:8964: Warning: exception TypeLookupError(['ns3::Callback< void, ns3::Ptr< ns3::Packet >, ns3::Ipv6Address, ns3::Ipv6Address, unsigned char, ns3::Ptr< ns3::Ipv6Route >, ns3::empty, ns3::empty, ns3::empty, ns3::empty >'],) in wrapper public: virtual retval? ???::SetDownTarget6 (params?);
  is_virtual=True)
/home/brook/nsuser/ns-allinone-3.15/ns-3.15/src/dsr/bindings/modulegen__gcc_ILP32.py:9050: Warning: exception TypeLookupError(['std::ostream &'],) in wrapper public: virtual retval? ???::Print (params?) const;
  is_const=True, is_virtual=True)
/home/brook/nsuser/ns-allinone-3.15/ns-3.15/src/dsr/bindings/modulegen__gcc_ILP32.py:9110: Warning: exception TypeLookupError(['std::vector< ns3::dsr::DsrNetworkQueueEntry > &'],) in wrapper public: retval? ???::GetQueue (params?);
  [])
/home/brook/nsuser/ns-allinone-3.15/ns-3.15/src/dsr/bindings/modulegen__gcc_ILP32.py:9260: Warning: exception TypeLookupError(['std::ostream &'],) in wrapper public: virtual retval? ???::Print (params?) const;
  is_const=True, is_virtual=True)
/home/brook/nsuser/ns-allinone-3.15/ns-3.15/src/dsr/bindings/modulegen__gcc_ILP32.py:9316: Warning: exception TypeLookupError(['std::ostream &'],) in wrapper public: virtual retval? ???::Print (params?) const;
  is_const=True, is_virtual=True)
/home/brook/nsuser/ns-allinone-3.15/ns-3.15/src/dsr/bindings/modulegen__gcc_ILP32.py:9353: Warning: exception TypeLookupError(['std::ostream &'],) in wrapper public: virtual retval? ???::Print (params?) const;
  is_const=True, is_virtual=True)
/home/brook/nsuser/ns-allinone-3.15/ns-3.15/src/dsr/bindings/modulegen__gcc_ILP32.py:9415: Warning: exception TypeLookupError(['std::ostream &'],) in wrapper public: virtual retval? ???::Print (params?) const;
  is_const=True, is_virtual=True)
/home/brook/nsuser/ns-allinone-3.15/ns-3.15/src/dsr/bindings/modulegen__gcc_ILP32.py:9501: Warning: exception TypeLookupError(['std::ostream &'],) in wrapper public: virtual retval? ???::Print (params?) const;
  is_const=True, is_virtual=True)
/home/brook/nsuser/ns-allinone-3.15/ns-3.15/src/dsr/bindings/modulegen__gcc_ILP32.py:9586: Warning: exception TypeLookupError(['std::ostream &'],) in wrapper public: virtual retval? ???::Print (params?) const;
  is_const=True, is_virtual=True)
/home/brook/nsuser/ns-allinone-3.15/ns-3.15/src/dsr/bindings/modulegen__gcc_ILP32.py:9662: Warning: exception TypeLookupError(['std::ostream &'],) in wrapper public: virtual retval? ???::Print (params?) const;
  is_const=True, is_virtual=True)
/home/brook/nsuser/ns-allinone-3.15/ns-3.15/src/dsr/bindings/modulegen__gcc_ILP32.py:9753: Warning: exception TypeLookupError(['std::ostream &'],) in wrapper public: virtual retval? ???::Print (params?) const;
  is_const=True, is_virtual=True)
/home/brook/nsuser/ns-allinone-3.15/ns-3.15/src/dsr/bindings/modulegen__gcc_ILP32.py:9845: Warning: exception TypeLookupError(['std::ostream &'],) in wrapper public: virtual retval? ???::Print (params?) const;
  is_const=True, is_virtual=True)
/home/brook/nsuser/ns-allinone-3.15/ns-3.15/src/dsr/bindings/modulegen__gcc_ILP32.py:9941: Warning: exception TypeLookupError(['ns3::Ptr< ns3::Packet > &'],) in wrapper public: retval? ???::ScheduleReply (params?);
  [param('ns3::Ptr< ns3::Packet > &', 'packet'), param('std::vector< ns3::Ipv4Address > &', 'nodeList'), param('ns3::Ipv4Address &', 'source'), param('ns3::Ipv4Address &', 'destination')])
/home/brook/nsuser/ns-allinone-3.15/ns-3.15/src/dsr/bindings/modulegen__gcc_ILP32.py:9965: Warning: exception TypeLookupError(['ns3::Ptr< ns3::Packet > &'],) in wrapper public: retval? ???::AddAckReqHeader (params?);
  [param('ns3::Ptr< ns3::Packet > &', 'packet'), param('ns3::Ipv4Address', 'nextHop')])
/home/brook/nsuser/ns-allinone-3.15/ns-3.15/src/dsr/bindings/modulegen__gcc_ILP32.py:10022: Warning: exception TypeLookupError(['ns3::Callback< void, ns3::Ptr< ns3::Packet >, ns3::Ipv4Address, ns3::Ipv4Address, unsigned char, ns3::Ptr< ns3::Ipv4Route >, ns3::empty, ns3::empty, ns3::empty, ns3::empty >'],) in wrapper public: virtual retval? ???::GetDownTarget (params?) const;
  is_const=True, is_virtual=True)
/home/brook/nsuser/ns-allinone-3.15/ns-3.15/src/dsr/bindings/modulegen__gcc_ILP32.py:10027: Warning: exception TypeLookupError(['ns3::Callback< void, ns3::Ptr< ns3::Packet >, ns3::Ipv6Address, ns3::Ipv6Address, unsigned char, ns3::Ptr< ns3::Ipv6Route >, ns3::empty, ns3::empty, ns3::empty, ns3::empty >'],) in wrapper public: virtual retval? ???::GetDownTarget6 (params?) const;
  is_const=True, is_virtual=True)
/home/brook/nsuser/ns-allinone-3.15/ns-3.15/src/dsr/bindings/modulegen__gcc_ILP32.py:10121: Warning: exception TypeLookupError(['ns3::Ptr< ns3::Packet > &'],) in wrapper public: retval? ???::Process (params?);
  [param('ns3::Ptr< ns3::Packet > &', 'packet'), param('ns3::Ipv4Header const &', 'ipv4Header'), param('ns3::Ipv4Address', 'dst'), param('uint8_t *', 'nextHeader'), param('uint8_t', 'protocol'), param('bool &', 'isDropped')])
/home/brook/nsuser/ns-allinone-3.15/ns-3.15/src/dsr/bindings/modulegen__gcc_ILP32.py:10233: Warning: exception TypeLookupError(['ns3::Callback< void, ns3::Ptr< ns3::Packet >, ns3::Ipv6Address, ns3::Ipv6Address, unsigned char, ns3::Ptr< ns3::Ipv6Route >, ns3::empty, ns3::empty, ns3::empty, ns3::empty >'],) in wrapper public: virtual retval? ???::SetDownTarget6 (params?);
  is_virtual=True)
/home/brook/nsuser/ns-allinone-3.15/ns-3.15/src/dsr/bindings/modulegen__gcc_ILP32.py:10302: Warning: exception TypeLookupError(['std::ostream &'],) in wrapper public: virtual retval? ???::Print (params?) const;
  is_const=True, is_virtual=True)
/home/brook/nsuser/ns-allinone-3.15/ns-3.15/src/dsr/bindings/modulegen__gcc_ILP32.py:10396: Warning: exception TypeLookupError(['std::vector< ns3::dsr::ErrorBuffEntry > &'],) in wrapper public: retval? ???::GetBuffer (params?);
  [])
/home/brook/nsuser/ns-allinone-3.15/ns-3.15/src/dsr/bindings/modulegen__gcc_ILP32.py:10770: Warning: exception TypeLookupError(['ns3::Callback< void, ns3::Ipv4Address, unsigned char, ns3::empty, ns3::empty, ns3::empty, ns3::empty, ns3::empty, ns3::empty, ns3::empty >'],) in wrapper public: retval? ???::GetCallback (params?) const;
  is_const=True)
/home/brook/nsuser/ns-allinone-3.15/ns-3.15/src/dsr/bindings/modulegen__gcc_ILP32.py:10819: Warning: exception TypeLookupError(['ns3::Callback< void, ns3::WifiMacHeader const &, ns3::empty, ns3::empty, ns3::empty, ns3::empty, ns3::empty, ns3::empty, ns3::empty, ns3::empty >'],) in wrapper public: retval? ???::GetTxErrorCallback (params?) const;
  is_const=True)
/home/brook/nsuser/ns-allinone-3.15/ns-3.15/src/dsr/bindings/modulegen__gcc_ILP32.py:10853: Warning: exception TypeLookupError(['std::ostream &'],) in wrapper public: retval? ???::Print (params?);
  [param('std::ostream &', 'os')])
bindings/python/ns3modulegen-modular.py:27: UserWarning: exception TypeLookupError(['ns3::Callback< void, ns3::Ipv4Address, unsigned char, ns3::empty, ns3::empty, ns3::empty, ns3::empty, ns3::empty, ns3::empty, ns3::empty >'],) in wrapper None
  warnings.warn("exception %r in wrapper %s" % (exception, wrapper))
bindings/python/ns3modulegen-modular.py:27: UserWarning: exception TypeLookupError(['ns3::Callback< void, ns3::WifiMacHeader const &, ns3::empty, ns3::empty, ns3::empty, ns3::empty, ns3::empty, ns3::empty, ns3::empty, ns3::empty >'],) in wrapper None
  warnings.warn("exception %r in wrapper %s" % (exception, wrapper))
/home/brook/nsuser/ns-allinone-3.15/ns-3.15/src/dsr/bindings/modulegen__gcc_ILP32.py:11024: Warning: exception TypeLookupError(['std::ostream &'],) in wrapper public: retval? ???::Print (params?) const;
  is_const=True)
/home/brook/nsuser/ns-allinone-3.15/ns-3.15/src/dsr/bindings/modulegen__gcc_ILP32.py:11063: Warning: exception TypeConfigurationError('Either caller_owns_return or self.reference_existing_object must be given',) in wrapper public: retval? ???::FindUnidirectional (params?);
  [param('ns3::Ipv4Address', 'neighbor')])
/home/brook/nsuser/ns-allinone-3.15/ns-3.15/src/dsr/bindings/modulegen__gcc_ILP32.py:11214: Warning: exception TypeLookupError(['std::vector< ns3::dsr::SendBuffEntry > &'],) in wrapper public: retval? ???::GetBuffer (params?);
  [])
/home/brook/nsuser/ns-allinone-3.15/ns-3.15/src/dsr/bindings/modulegen__gcc_ILP32.py:11332: Warning: exception TypeLookupError(['std::ostream &'],) in wrapper public: virtual retval? ???::Print (params?) const;
  is_const=True, is_virtual=True)
/home/brook/nsuser/ns-allinone-3.15/ns-3.15/src/dsr/bindings/modulegen__gcc_ILP32.py:11420: Warning: exception TypeLookupError(['std::ostream &'],) in wrapper public: virtual retval? ???::Print (params?) const;
  is_const=True, is_virtual=True)
/home/brook/nsuser/ns-allinone-3.15/pybindgen-0.15.0.809/pybindgen/cppclass_typehandlers.py:1134: UserWarning: Returning shared pointers is dangerous!  The C++ API should be redesigned to avoid this situation.
  warnings.warn("Returning shared pointers is dangerous!"
bindings/python/ns3modulegen-modular.py:27: UserWarning: exception CodeGenerationError('ns3::dsr::DsrOptions cannot be constructed (class has pure virtual methods)',) in wrapper <pybindgen.CppClass 'ns3::dsr::DsrOptions'>
  warnings.warn("exception %r in wrapper %s" % (exception, wrapper))
