>>>>>>>>>>>>>>>> [['void', 'ns3::Ptr<ns3::Socket>', 'ns3::empty', 'ns3::empty', 'ns3::empty', 'ns3::empty', 'ns3::empty', 'ns3::empty', 'ns3::empty', 'ns3::empty'], ['void', 'ns3::Ptr<ns3::Socket>', 'unsigned int', 'ns3::empty', 'ns3::empty', 'ns3::empty', 'ns3::empty', 'ns3::empty', 'ns3::empty', 'ns3::empty'], ['void', 'ns3::Ptr<ns3::Socket>', 'ns3::Address const&', 'ns3::empty', 'ns3::empty', 'ns3::empty', 'ns3::empty', 'ns3::empty', 'ns3::empty', 'ns3::empty'], ['bool', 'ns3::Ptr<ns3::Socket>', 'ns3::Address const&', 'ns3::empty', 'ns3::empty', 'ns3::empty', 'ns3::empty', 'ns3::empty', 'ns3::empty', 'ns3::empty'], ['void', 'ns3::Ptr<ns3::NetDevice>', 'ns3::Ptr<ns3::Packet const>', 'unsigned short', 'ns3::Address const&', 'ns3::Address const&', 'ns3::NetDevice::PacketType', 'ns3::empty', 'ns3::empty', 'ns3::empty']]
bindings/python/ns3modulegen-modular.py:27: UserWarning: exception TypeLookupError(['ns3::olsr::MprSelectorTuple'],) in wrapper <pybindgen.Container 'std::vector< ns3::olsr::MprSelectorTuple >'>
  warnings.warn("exception %r in wrapper %s" % (exception, wrapper))
bindings/python/ns3modulegen-modular.py:27: UserWarning: exception TypeLookupError(['ns3::olsr::NeighborTuple'],) in wrapper <pybindgen.Container 'std::vector< ns3::olsr::NeighborTuple >'>
  warnings.warn("exception %r in wrapper %s" % (exception, wrapper))
bindings/python/ns3modulegen-modular.py:27: UserWarning: exception TypeLookupError(['ns3::olsr::TwoHopNeighborTuple'],) in wrapper <pybindgen.Container 'std::vector< ns3::olsr::TwoHopNeighborTuple >'>
  warnings.warn("exception %r in wrapper %s" % (exception, wrapper))
bindings/python/ns3modulegen-modular.py:27: UserWarning: exception TypeLookupError(['ns3::olsr::LinkTuple'],) in wrapper <pybindgen.Container 'std::vector< ns3::olsr::LinkTuple >'>
  warnings.warn("exception %r in wrapper %s" % (exception, wrapper))
bindings/python/ns3modulegen-modular.py:27: UserWarning: exception TypeLookupError(['ns3::olsr::TopologyTuple'],) in wrapper <pybindgen.Container 'std::vector< ns3::olsr::TopologyTuple >'>
  warnings.warn("exception %r in wrapper %s" % (exception, wrapper))
bindings/python/ns3modulegen-modular.py:27: UserWarning: exception TypeLookupError(['ns3::olsr::IfaceAssocTuple'],) in wrapper <pybindgen.Container 'std::vector< ns3::olsr::IfaceAssocTuple >'>
  warnings.warn("exception %r in wrapper %s" % (exception, wrapper))
bindings/python/ns3modulegen-modular.py:27: UserWarning: exception TypeLookupError(['ns3::olsr::AssociationTuple'],) in wrapper <pybindgen.Container 'std::vector< ns3::olsr::AssociationTuple >'>
  warnings.warn("exception %r in wrapper %s" % (exception, wrapper))
bindings/python/ns3modulegen-modular.py:27: UserWarning: exception TypeLookupError(['ns3::olsr::Association'],) in wrapper <pybindgen.Container 'std::vector< ns3::olsr::Association >'>
  warnings.warn("exception %r in wrapper %s" % (exception, wrapper))
***** registering callback handler: 'ns3::Callback< void, ns3::Ptr< ns3::Socket >, ns3::empty, ns3::empty, ns3::empty, ns3::empty, ns3::empty, ns3::empty, ns3::empty, ns3::empty >'
***** registering callback handler: 'ns3::Callback< void, ns3::Ptr< ns3::Socket >, unsigned int, ns3::empty, ns3::empty, ns3::empty, ns3::empty, ns3::empty, ns3::empty, ns3::empty >'
***** registering callback handler: 'ns3::Callback< void, ns3::Ptr< ns3::Socket >, ns3::Address const &, ns3::empty, ns3::empty, ns3::empty, ns3::empty, ns3::empty, ns3::empty, ns3::empty >'
***** registering callback handler: 'ns3::Callback< bool, ns3::Ptr< ns3::Socket >, ns3::Address const &, ns3::empty, ns3::empty, ns3::empty, ns3::empty, ns3::empty, ns3::empty, ns3::empty >'
***** registering callback handler: 'ns3::Callback< void, ns3::Ptr< ns3::NetDevice >, ns3::Ptr< ns3::Packet const >, unsigned short, ns3::Address const &, ns3::Address const &, ns3::NetDevice::PacketType, ns3::empty, ns3::empty, ns3::empty >'
/home/brook/nsuser/ns-allinone-3.15/ns-3.15/src/olsr/bindings/modulegen__gcc_ILP32.py:601: Warning: exception TypeConfigurationError('direction not given',) in wrapper <pybindgen.cppmethod.CppConstructor object at 0x885a7cc>
  cls.add_constructor([param('uint8_t', 'type'), param('uint8_t const *', 'buffer'), param('uint8_t', 'len')])
/home/brook/nsuser/ns-allinone-3.15/ns-3.15/src/olsr/bindings/modulegen__gcc_ILP32.py:612: Warning: exception TypeConfigurationError('direction not given',) in wrapper public: retval? ???::CopyAllFrom (params?);
  [param('uint8_t const *', 'buffer'), param('uint8_t', 'len')])
/home/brook/nsuser/ns-allinone-3.15/ns-3.15/src/olsr/bindings/modulegen__gcc_ILP32.py:617: Warning: exception TypeConfigurationError('direction not given',) in wrapper public: retval? ???::CopyAllTo (params?) const;
  is_const=True)
/home/brook/nsuser/ns-allinone-3.15/ns-3.15/src/olsr/bindings/modulegen__gcc_ILP32.py:621: Warning: exception TypeConfigurationError('direction not given',) in wrapper public: retval? ???::CopyFrom (params?);
  [param('uint8_t const *', 'buffer'), param('uint8_t', 'len')])
/home/brook/nsuser/ns-allinone-3.15/ns-3.15/src/olsr/bindings/modulegen__gcc_ILP32.py:626: Warning: exception TypeConfigurationError('direction not given',) in wrapper public: retval? ???::CopyTo (params?) const;
  is_const=True)
/home/brook/nsuser/ns-allinone-3.15/ns-3.15/src/olsr/bindings/modulegen__gcc_ILP32.py:676: Warning: exception TypeLookupError(['std::_List_const_iterator< ns3::AttributeConstructionList::Item >'],) in wrapper public: retval? ???::Begin (params?) const;
  is_const=True)
/home/brook/nsuser/ns-allinone-3.15/ns-3.15/src/olsr/bindings/modulegen__gcc_ILP32.py:681: Warning: exception TypeLookupError(['std::_List_const_iterator< ns3::AttributeConstructionList::Item >'],) in wrapper public: retval? ???::End (params?) const;
  is_const=True)
/home/brook/nsuser/ns-allinone-3.15/ns-3.15/src/olsr/bindings/modulegen__gcc_ILP32.py:732: Warning: exception TypeLookupError(['std::ostream *'],) in wrapper public: retval? ???::CopyData (params?) const;
  is_const=True)
/home/brook/nsuser/ns-allinone-3.15/ns-3.15/src/olsr/bindings/modulegen__gcc_ILP32.py:737: Warning: exception TypeConfigurationError('direction not given',) in wrapper public: retval? ???::CopyData (params?) const;
  is_const=True)
/home/brook/nsuser/ns-allinone-3.15/ns-3.15/src/olsr/bindings/modulegen__gcc_ILP32.py:751: Warning: exception TypeConfigurationError('direction not given',) in wrapper public: retval? ???::Deserialize (params?);
  [param('uint8_t const *', 'buffer'), param('uint32_t', 'size')])
/home/brook/nsuser/ns-allinone-3.15/ns-3.15/src/olsr/bindings/modulegen__gcc_ILP32.py:781: Warning: exception TypeLookupError(['uint8_t *'],) in wrapper public: retval? ???::PeekData (params?) const;
  is_const=True)
/home/brook/nsuser/ns-allinone-3.15/ns-3.15/src/olsr/bindings/modulegen__gcc_ILP32.py:794: Warning: exception TypeConfigurationError('direction not given',) in wrapper public: retval? ???::Serialize (params?) const;
  is_const=True)
/home/brook/nsuser/ns-allinone-3.15/ns-3.15/src/olsr/bindings/modulegen__gcc_ILP32.py:849: Warning: exception TypeConfigurationError('direction not given',) in wrapper public: retval? ???::Read (params?);
  [param('uint8_t *', 'buffer'), param('uint32_t', 'size')])
/home/brook/nsuser/ns-allinone-3.15/ns-3.15/src/olsr/bindings/modulegen__gcc_ILP32.py:893: Warning: exception TypeConfigurationError('direction not given',) in wrapper public: retval? ???::Write (params?);
  [param('uint8_t const *', 'buffer'), param('uint32_t', 'size')])
/home/brook/nsuser/ns-allinone-3.15/ns-3.15/src/olsr/bindings/modulegen__gcc_ILP32.py:1090: Warning: exception TypeLookupError(['ns3::Ptr< ns3::EventImpl > &'],) in wrapper <pybindgen.cppmethod.CppConstructor object at 0x898f42c>
  cls.add_constructor([param('ns3::Ptr< ns3::EventImpl > const &', 'impl'), param('uint64_t', 'ts'), param('uint32_t', 'context'), param('uint32_t', 'uid')])
/home/brook/nsuser/ns-allinone-3.15/ns-3.15/src/olsr/bindings/modulegen__gcc_ILP32.py:1124: Warning: exception TypeConfigurationError('Either caller_owns_return or self.reference_existing_object must be given',) in wrapper public: retval? ???::PeekEventImpl (params?) const;
  is_const=True)
/home/brook/nsuser/ns-allinone-3.15/ns-3.15/src/olsr/bindings/modulegen__gcc_ILP32.py:1203: Warning: exception TypeConfigurationError('direction not given',) in wrapper public: retval? ???::Deserialize (params?);
  is_static=True)
/home/brook/nsuser/ns-allinone-3.15/ns-3.15/src/olsr/bindings/modulegen__gcc_ILP32.py:1268: Warning: exception TypeLookupError(['std::ostream &'],) in wrapper public: retval? ???::Print (params?) const;
  is_const=True)
/home/brook/nsuser/ns-allinone-3.15/ns-3.15/src/olsr/bindings/modulegen__gcc_ILP32.py:1273: Warning: exception TypeConfigurationError('direction not given',) in wrapper public: retval? ???::Serialize (params?) const;
  is_const=True)
/home/brook/nsuser/ns-allinone-3.15/ns-3.15/src/olsr/bindings/modulegen__gcc_ILP32.py:1401: Warning: exception TypeLookupError(['std::ostream &'],) in wrapper public: retval? ???::Print (params?) const;
  is_const=True)
/home/brook/nsuser/ns-allinone-3.15/ns-3.15/src/olsr/bindings/modulegen__gcc_ILP32.py:1417: Warning: exception TypeConfigurationError('Either caller_owns_return or self.reference_existing_object must be given',) in wrapper public: virtual retval? ???::Copy (params?) const = 0;
  is_pure_virtual=True, is_const=True, is_virtual=True)
/home/brook/nsuser/ns-allinone-3.15/ns-3.15/src/olsr/bindings/modulegen__gcc_ILP32.py:1455: Warning: exception TypeConfigurationError('direction not given',) in wrapper <pybindgen.cppmethod.CppConstructor object at 0x8a2128c>
  cls.add_constructor([param('uint8_t *', 'address')])
/home/brook/nsuser/ns-allinone-3.15/ns-3.15/src/olsr/bindings/modulegen__gcc_ILP32.py:1473: Warning: exception TypeConfigurationError('direction not given',) in wrapper public: retval? ???::Deserialize (params?);
  is_static=True)
/home/brook/nsuser/ns-allinone-3.15/ns-3.15/src/olsr/bindings/modulegen__gcc_ILP32.py:1498: Warning: exception TypeConfigurationError('direction not given',) in wrapper public: retval? ???::GetBytes (params?) const;
  is_const=True)
/home/brook/nsuser/ns-allinone-3.15/ns-3.15/src/olsr/bindings/modulegen__gcc_ILP32.py:1582: Warning: exception TypeLookupError(['ns3::Mac48Address'],) in wrapper public: retval? ???::MakeAutoconfiguredAddress (params?);
  is_static=True)
/home/brook/nsuser/ns-allinone-3.15/ns-3.15/src/olsr/bindings/modulegen__gcc_ILP32.py:1587: Warning: exception TypeLookupError(['ns3::Mac48Address'],) in wrapper public: retval? ???::MakeAutoconfiguredLinkLocalAddress (params?);
  is_static=True)
/home/brook/nsuser/ns-allinone-3.15/ns-3.15/src/olsr/bindings/modulegen__gcc_ILP32.py:1602: Warning: exception TypeLookupError(['std::ostream &'],) in wrapper public: retval? ???::Print (params?) const;
  is_const=True)
/home/brook/nsuser/ns-allinone-3.15/ns-3.15/src/olsr/bindings/modulegen__gcc_ILP32.py:1607: Warning: exception TypeConfigurationError('direction not given',) in wrapper public: retval? ???::Serialize (params?) const;
  is_const=True)
/home/brook/nsuser/ns-allinone-3.15/ns-3.15/src/olsr/bindings/modulegen__gcc_ILP32.py:1615: Warning: exception TypeConfigurationError('direction not given',) in wrapper public: retval? ???::Set (params?);
  [param('uint8_t *', 'address')])
/home/brook/nsuser/ns-allinone-3.15/ns-3.15/src/olsr/bindings/modulegen__gcc_ILP32.py:1680: Warning: exception TypeConfigurationError('direction not given',) in wrapper <pybindgen.cppmethod.CppConstructor object at 0x8a82c8c>
  cls.add_constructor([param('uint8_t *', 'prefix')])
/home/brook/nsuser/ns-allinone-3.15/ns-3.15/src/olsr/bindings/modulegen__gcc_ILP32.py:1693: Warning: exception TypeConfigurationError('direction not given',) in wrapper public: retval? ???::GetBytes (params?) const;
  is_const=True)
/home/brook/nsuser/ns-allinone-3.15/ns-3.15/src/olsr/bindings/modulegen__gcc_ILP32.py:1728: Warning: exception TypeLookupError(['std::ostream &'],) in wrapper public: retval? ???::Print (params?) const;
  is_const=True)
/home/brook/nsuser/ns-allinone-3.15/ns-3.15/src/olsr/bindings/modulegen__gcc_ILP32.py:1764: Warning: exception TypeLookupError(['__gnu_cxx::__normal_iterator< ns3::Ptr< ns3::Node > const, std::vector< ns3::Ptr< ns3::Node > > >'],) in wrapper public: retval? ???::Begin (params?) const;
  is_const=True)
/home/brook/nsuser/ns-allinone-3.15/ns-3.15/src/olsr/bindings/modulegen__gcc_ILP32.py:1777: Warning: exception TypeLookupError(['__gnu_cxx::__normal_iterator< ns3::Ptr< ns3::Node > const, std::vector< ns3::Ptr< ns3::Node > > >'],) in wrapper public: retval? ???::End (params?) const;
  is_const=True)
/home/brook/nsuser/ns-allinone-3.15/ns-3.15/src/olsr/bindings/modulegen__gcc_ILP32.py:1865: Warning: exception TypeConfigurationError('Missing transfer_ownership option',) in wrapper public: retval? ???::Delete (params?);
  is_static=True)
/home/brook/nsuser/ns-allinone-3.15/ns-3.15/src/olsr/bindings/modulegen__gcc_ILP32.py:1913: Warning: exception TypeConfigurationError('Either caller_owns_return or self.reference_existing_object must be given',) in wrapper public: virtual retval? ???::Copy (params?) const;
  is_const=True, is_virtual=True)
/home/brook/nsuser/ns-allinone-3.15/ns-3.15/src/olsr/bindings/modulegen__gcc_ILP32.py:1997: Warning: exception TypeConfigurationError('Either caller_owns_return or self.reference_existing_object must be given',) in wrapper public: retval? ???::FindAssociationTuple (params?);
  [param('ns3::Ipv4Address const &', 'gatewayAddr'), param('ns3::Ipv4Address const &', 'networkAddr'), param('ns3::Ipv4Mask const &', 'netmask')])
/home/brook/nsuser/ns-allinone-3.15/ns-3.15/src/olsr/bindings/modulegen__gcc_ILP32.py:2001: Warning: exception TypeConfigurationError('Either caller_owns_return or self.reference_existing_object must be given',) in wrapper public: retval? ???::FindDuplicateTuple (params?);
  [param('ns3::Ipv4Address const &', 'address'), param('uint16_t', 'sequenceNumber')])
/home/brook/nsuser/ns-allinone-3.15/ns-3.15/src/olsr/bindings/modulegen__gcc_ILP32.py:2005: Warning: exception TypeConfigurationError('Either caller_owns_return or self.reference_existing_object must be given',) in wrapper public: retval? ???::FindIfaceAssocTuple (params?);
  [param('ns3::Ipv4Address const &', 'ifaceAddr')])
/home/brook/nsuser/ns-allinone-3.15/ns-3.15/src/olsr/bindings/modulegen__gcc_ILP32.py:2014: Warning: exception TypeConfigurationError('Either caller_owns_return or self.reference_existing_object must be given',) in wrapper public: retval? ???::FindLinkTuple (params?);
  [param('ns3::Ipv4Address const &', 'ifaceAddr')])
/home/brook/nsuser/ns-allinone-3.15/ns-3.15/src/olsr/bindings/modulegen__gcc_ILP32.py:2022: Warning: exception TypeConfigurationError('Either caller_owns_return or self.reference_existing_object must be given',) in wrapper public: retval? ???::FindMprSelectorTuple (params?);
  [param('ns3::Ipv4Address const &', 'mainAddr')])
/home/brook/nsuser/ns-allinone-3.15/ns-3.15/src/olsr/bindings/modulegen__gcc_ILP32.py:2031: Warning: exception TypeConfigurationError('Either caller_owns_return or self.reference_existing_object must be given',) in wrapper public: retval? ???::FindNeighborTuple (params?);
  [param('ns3::Ipv4Address const &', 'mainAddr')])
/home/brook/nsuser/ns-allinone-3.15/ns-3.15/src/olsr/bindings/modulegen__gcc_ILP32.py:2035: Warning: exception TypeConfigurationError('Either caller_owns_return or self.reference_existing_object must be given',) in wrapper public: retval? ???::FindNeighborTuple (params?);
  [param('ns3::Ipv4Address const &', 'mainAddr'), param('uint8_t', 'willingness')])
/home/brook/nsuser/ns-allinone-3.15/ns-3.15/src/olsr/bindings/modulegen__gcc_ILP32.py:2039: Warning: exception TypeConfigurationError('Either caller_owns_return or self.reference_existing_object must be given',) in wrapper public: retval? ???::FindNewerTopologyTuple (params?);
  [param('ns3::Ipv4Address const &', 'lastAddr'), param('uint16_t', 'ansn')])
/home/brook/nsuser/ns-allinone-3.15/ns-3.15/src/olsr/bindings/modulegen__gcc_ILP32.py:2043: Warning: exception TypeConfigurationError('Either caller_owns_return or self.reference_existing_object must be given',) in wrapper public: retval? ???::FindSymLinkTuple (params?);
  [param('ns3::Ipv4Address const &', 'ifaceAddr'), param('ns3::Time', 'time')])
/home/brook/nsuser/ns-allinone-3.15/ns-3.15/src/olsr/bindings/modulegen__gcc_ILP32.py:2052: Warning: exception TypeConfigurationError('Either caller_owns_return or self.reference_existing_object must be given',) in wrapper public: retval? ???::FindTopologyTuple (params?);
  [param('ns3::Ipv4Address const &', 'destAddr'), param('ns3::Ipv4Address const &', 'lastAddr')])
/home/brook/nsuser/ns-allinone-3.15/ns-3.15/src/olsr/bindings/modulegen__gcc_ILP32.py:2056: Warning: exception TypeConfigurationError('Either caller_owns_return or self.reference_existing_object must be given',) in wrapper public: retval? ???::FindTwoHopNeighborTuple (params?);
  [param('ns3::Ipv4Address const &', 'neighbor'), param('ns3::Ipv4Address const &', 'twoHopNeighbor')])
/home/brook/nsuser/ns-allinone-3.15/ns-3.15/src/olsr/bindings/modulegen__gcc_ILP32.py:2061: Warning: exception TypeLookupError(['ns3::olsr::AssociationSet &'],) in wrapper public: retval? ???::GetAssociationSet (params?) const;
  is_const=True)
/home/brook/nsuser/ns-allinone-3.15/ns-3.15/src/olsr/bindings/modulegen__gcc_ILP32.py:2066: Warning: exception TypeLookupError(['ns3::olsr::Associations &'],) in wrapper public: retval? ???::GetAssociations (params?) const;
  is_const=True)
/home/brook/nsuser/ns-allinone-3.15/ns-3.15/src/olsr/bindings/modulegen__gcc_ILP32.py:2071: Warning: exception TypeLookupError(['ns3::olsr::IfaceAssocSet &'],) in wrapper public: retval? ???::GetIfaceAssocSet (params?) const;
  is_const=True)
/home/brook/nsuser/ns-allinone-3.15/ns-3.15/src/olsr/bindings/modulegen__gcc_ILP32.py:2075: Warning: exception TypeLookupError(['ns3::olsr::IfaceAssocSet &'],) in wrapper public: retval? ???::GetIfaceAssocSetMutable (params?);
  [])
/home/brook/nsuser/ns-allinone-3.15/ns-3.15/src/olsr/bindings/modulegen__gcc_ILP32.py:2080: Warning: exception TypeLookupError(['ns3::olsr::LinkSet &'],) in wrapper public: retval? ???::GetLinks (params?) const;
  is_const=True)
/home/brook/nsuser/ns-allinone-3.15/ns-3.15/src/olsr/bindings/modulegen__gcc_ILP32.py:2085: Warning: exception TypeLookupError(['ns3::olsr::MprSelectorSet &'],) in wrapper public: retval? ???::GetMprSelectors (params?) const;
  is_const=True)
/home/brook/nsuser/ns-allinone-3.15/ns-3.15/src/olsr/bindings/modulegen__gcc_ILP32.py:2095: Warning: exception TypeLookupError(['ns3::olsr::NeighborSet &'],) in wrapper public: retval? ???::GetNeighbors (params?) const;
  is_const=True)
/home/brook/nsuser/ns-allinone-3.15/ns-3.15/src/olsr/bindings/modulegen__gcc_ILP32.py:2099: Warning: exception TypeLookupError(['ns3::olsr::NeighborSet &'],) in wrapper public: retval? ???::GetNeighbors (params?);
  [])
/home/brook/nsuser/ns-allinone-3.15/ns-3.15/src/olsr/bindings/modulegen__gcc_ILP32.py:2104: Warning: exception TypeLookupError(['ns3::olsr::TopologySet &'],) in wrapper public: retval? ???::GetTopologySet (params?) const;
  is_const=True)
/home/brook/nsuser/ns-allinone-3.15/ns-3.15/src/olsr/bindings/modulegen__gcc_ILP32.py:2109: Warning: exception TypeLookupError(['ns3::olsr::TwoHopNeighborSet &'],) in wrapper public: retval? ???::GetTwoHopNeighbors (params?) const;
  is_const=True)
/home/brook/nsuser/ns-allinone-3.15/ns-3.15/src/olsr/bindings/modulegen__gcc_ILP32.py:2113: Warning: exception TypeLookupError(['ns3::olsr::TwoHopNeighborSet &'],) in wrapper public: retval? ???::GetTwoHopNeighbors (params?);
  [])
/home/brook/nsuser/ns-allinone-3.15/ns-3.15/src/olsr/bindings/modulegen__gcc_ILP32.py:2195: Warning: exception TypeConfigurationError('direction not given',) in wrapper public: retval? ???::Deserialize (params?);
  [param('uint8_t const *', 'buffer'), param('uint32_t', 'size')])
/home/brook/nsuser/ns-allinone-3.15/ns-3.15/src/olsr/bindings/modulegen__gcc_ILP32.py:2236: Warning: exception TypeConfigurationError('direction not given',) in wrapper public: retval? ???::Serialize (params?) const;
  is_const=True)
bindings/python/ns3modulegen-modular.py:27: UserWarning: exception TypeLookupError(['uint8_t [ 20 ]'],) in wrapper None
  warnings.warn("exception %r in wrapper %s" % (exception, wrapper))
bindings/python/ns3modulegen-modular.py:27: UserWarning: exception TypeConfigurationError('Either caller_owns_return or self.reference_existing_object must be given',) in wrapper None
  warnings.warn("exception %r in wrapper %s" % (exception, wrapper))
/home/brook/nsuser/ns-allinone-3.15/ns-3.15/src/olsr/bindings/modulegen__gcc_ILP32.py:2387: Warning: exception TypeLookupError(['ns3::Ptr< ns3::SimulatorImpl >', 'ns3::SimulatorImpl *'],) in wrapper public: retval? ???::GetImplementation (params?);
  is_static=True)
/home/brook/nsuser/ns-allinone-3.15/ns-3.15/src/olsr/bindings/modulegen__gcc_ILP32.py:2422: Warning: exception TypeLookupError(['ns3::Ptr< ns3::SimulatorImpl >', 'ns3::SimulatorImpl *'],) in wrapper public: retval? ???::SetImplementation (params?);
  is_static=True)
/home/brook/nsuser/ns-allinone-3.15/ns-3.15/src/olsr/bindings/modulegen__gcc_ILP32.py:2494: Warning: exception TypeLookupError(['std::ostream &'],) in wrapper public: virtual retval? ???::Print (params?) const = 0;
  is_pure_virtual=True, is_const=True, is_virtual=True)
/home/brook/nsuser/ns-allinone-3.15/ns-3.15/src/olsr/bindings/modulegen__gcc_ILP32.py:2506: Warning: exception TypeConfigurationError('direction not given',) in wrapper <pybindgen.cppmethod.CppConstructor object at 0x8c3f6ec>
  cls.add_constructor([param('uint8_t *', 'start'), param('uint8_t *', 'end')])
/home/brook/nsuser/ns-allinone-3.15/ns-3.15/src/olsr/bindings/modulegen__gcc_ILP32.py:2514: Warning: exception TypeConfigurationError('direction not given',) in wrapper public: retval? ???::Read (params?);
  [param('uint8_t *', 'buffer'), param('uint32_t', 'size')])
/home/brook/nsuser/ns-allinone-3.15/ns-3.15/src/olsr/bindings/modulegen__gcc_ILP32.py:2542: Warning: exception TypeConfigurationError('direction not given',) in wrapper public: retval? ???::Write (params?);
  [param('uint8_t const *', 'buffer'), param('uint32_t', 'size')])
/home/brook/nsuser/ns-allinone-3.15/ns-3.15/src/olsr/bindings/modulegen__gcc_ILP32.py:2691: Warning: exception TypeLookupError(['ns3::Callback< ns3::ObjectBase *, ns3::empty, ns3::empty, ns3::empty, ns3::empty, ns3::empty, ns3::empty, ns3::empty, ns3::empty, ns3::empty >'],) in wrapper public: retval? ???::GetConstructor (params?) const;
  is_const=True)
bindings/python/ns3modulegen-modular.py:27: UserWarning: exception TypeLookupError(['short unsigned int'],) in wrapper None
  warnings.warn("exception %r in wrapper %s" % (exception, wrapper))
/home/brook/nsuser/ns-allinone-3.15/ns-3.15/src/olsr/bindings/modulegen__gcc_ILP32.py:2956: Warning: exception TypeLookupError(['std::ostream &'],) in wrapper public: virtual retval? ???::Print (params?) const = 0;
  is_pure_virtual=True, is_const=True, is_virtual=True)
/home/brook/nsuser/ns-allinone-3.15/ns-3.15/src/olsr/bindings/modulegen__gcc_ILP32.py:2984: Warning: exception TypeLookupError(['std::ostream &'],) in wrapper public: virtual retval? ???::Print (params?) const = 0;
  is_pure_virtual=True, is_const=True, is_virtual=True)
/home/brook/nsuser/ns-allinone-3.15/ns-3.15/src/olsr/bindings/modulegen__gcc_ILP32.py:3100: Warning: exception TypeLookupError(['std::ostream &'],) in wrapper public: virtual retval? ???::Print (params?) const;
  is_const=True, is_virtual=True)
/home/brook/nsuser/ns-allinone-3.15/ns-3.15/src/olsr/bindings/modulegen__gcc_ILP32.py:3228: Warning: exception TypeLookupError(['std::ostream &'],) in wrapper public: virtual retval? ???::Print (params?) const;
  is_const=True, is_virtual=True)
/home/brook/nsuser/ns-allinone-3.15/ns-3.15/src/olsr/bindings/modulegen__gcc_ILP32.py:3370: Warning: exception TypeLookupError(['ns3::RngStream *'],) in wrapper protected: retval? ???::Peek (params?) const;
  is_const=True, visibility='protected')
/home/brook/nsuser/ns-allinone-3.15/ns-3.15/src/olsr/bindings/modulegen__gcc_ILP32.py:3651: Warning: exception TypeConfigurationError('direction not given',) in wrapper public: retval? ???::Recv (params?);
  [param('uint8_t *', 'buf'), param('uint32_t', 'size'), param('uint32_t', 'flags')])
/home/brook/nsuser/ns-allinone-3.15/ns-3.15/src/olsr/bindings/modulegen__gcc_ILP32.py:3664: Warning: exception TypeConfigurationError('direction not given',) in wrapper public: retval? ???::RecvFrom (params?);
  [param('uint8_t *', 'buf'), param('uint32_t', 'size'), param('uint32_t', 'flags'), param('ns3::Address &', 'fromAddress')])
/home/brook/nsuser/ns-allinone-3.15/ns-3.15/src/olsr/bindings/modulegen__gcc_ILP32.py:3677: Warning: exception TypeConfigurationError('direction not given',) in wrapper public: retval? ???::Send (params?);
  [param('uint8_t const *', 'buf'), param('uint32_t', 'size'), param('uint32_t', 'flags')])
/home/brook/nsuser/ns-allinone-3.15/ns-3.15/src/olsr/bindings/modulegen__gcc_ILP32.py:3686: Warning: exception TypeConfigurationError('direction not given',) in wrapper public: retval? ???::SendTo (params?);
  [param('uint8_t const *', 'buf'), param('uint32_t', 'size'), param('uint32_t', 'flags'), param('ns3::Address const &', 'address')])
/home/brook/nsuser/ns-allinone-3.15/ns-3.15/src/olsr/bindings/modulegen__gcc_ILP32.py:3816: Warning: exception TypeLookupError(['std::ostream &'],) in wrapper public: virtual retval? ???::Print (params?) const;
  is_const=True, is_virtual=True)
/home/brook/nsuser/ns-allinone-3.15/ns-3.15/src/olsr/bindings/modulegen__gcc_ILP32.py:3862: Warning: exception TypeLookupError(['std::ostream &'],) in wrapper public: virtual retval? ???::Print (params?) const;
  is_const=True, is_virtual=True)
/home/brook/nsuser/ns-allinone-3.15/ns-3.15/src/olsr/bindings/modulegen__gcc_ILP32.py:3916: Warning: exception TypeLookupError(['std::ostream &'],) in wrapper public: virtual retval? ???::Print (params?) const;
  is_const=True, is_virtual=True)
/home/brook/nsuser/ns-allinone-3.15/ns-3.15/src/olsr/bindings/modulegen__gcc_ILP32.py:4132: Warning: exception TypeLookupError(['std::ostream &'],) in wrapper public: virtual retval? ???::Print (params?) const = 0;
  is_pure_virtual=True, is_const=True, is_virtual=True)
/home/brook/nsuser/ns-allinone-3.15/ns-3.15/src/olsr/bindings/modulegen__gcc_ILP32.py:4733: Warning: exception TypeLookupError(['ns3::Callback< void, ns3::Ptr< ns3::Packet >, ns3::Ipv4Address, ns3::Ipv4Address, unsigned char, ns3::Ptr< ns3::Ipv4Route >, ns3::empty, ns3::empty, ns3::empty, ns3::empty >'],) in wrapper public: virtual retval? ???::GetDownTarget (params?) const = 0;
  is_pure_virtual=True, is_const=True, is_virtual=True)
/home/brook/nsuser/ns-allinone-3.15/ns-3.15/src/olsr/bindings/modulegen__gcc_ILP32.py:4738: Warning: exception TypeLookupError(['ns3::Callback< void, ns3::Ptr< ns3::Packet >, ns3::Ipv6Address, ns3::Ipv6Address, unsigned char, ns3::Ptr< ns3::Ipv6Route >, ns3::empty, ns3::empty, ns3::empty, ns3::empty >'],) in wrapper public: virtual retval? ???::GetDownTarget6 (params?) const = 0;
  is_pure_virtual=True, is_const=True, is_virtual=True)
/home/brook/nsuser/ns-allinone-3.15/ns-3.15/src/olsr/bindings/modulegen__gcc_ILP32.py:4753: Warning: exception TypeLookupError(['ns3::Ptr< ns3::Ipv4Interface >', 'ns3::Ipv4Interface *'],) in wrapper public: virtual retval? ???::Receive (params?) = 0;
  is_pure_virtual=True, is_virtual=True)
/home/brook/nsuser/ns-allinone-3.15/ns-3.15/src/olsr/bindings/modulegen__gcc_ILP32.py:4763: Warning: exception TypeConfigurationError('direction not given',) in wrapper public: virtual retval? ???::ReceiveIcmp (params?);
  is_virtual=True)
/home/brook/nsuser/ns-allinone-3.15/ns-3.15/src/olsr/bindings/modulegen__gcc_ILP32.py:4768: Warning: exception TypeConfigurationError('direction not given',) in wrapper public: virtual retval? ???::ReceiveIcmp (params?);
  is_virtual=True)
/home/brook/nsuser/ns-allinone-3.15/ns-3.15/src/olsr/bindings/modulegen__gcc_ILP32.py:4773: Warning: exception TypeLookupError(['ns3::Callback< void, ns3::Ptr< ns3::Packet >, ns3::Ipv4Address, ns3::Ipv4Address, unsigned char, ns3::Ptr< ns3::Ipv4Route >, ns3::empty, ns3::empty, ns3::empty, ns3::empty >'],) in wrapper public: virtual retval? ???::SetDownTarget (params?) = 0;
  is_pure_virtual=True, is_virtual=True)
/home/brook/nsuser/ns-allinone-3.15/ns-3.15/src/olsr/bindings/modulegen__gcc_ILP32.py:4778: Warning: exception TypeLookupError(['ns3::Callback< void, ns3::Ptr< ns3::Packet >, ns3::Ipv6Address, ns3::Ipv6Address, unsigned char, ns3::Ptr< ns3::Ipv6Route >, ns3::empty, ns3::empty, ns3::empty, ns3::empty >'],) in wrapper public: virtual retval? ???::SetDownTarget6 (params?) = 0;
  is_pure_virtual=True, is_virtual=True)
/home/brook/nsuser/ns-allinone-3.15/ns-3.15/src/olsr/bindings/modulegen__gcc_ILP32.py:5170: Warning: exception TypeLookupError(['ns3::Callback< void, ns3::Ptr< ns3::Ipv4Route >, ns3::Ptr< ns3::Packet const >, ns3::Ipv4Header const &, ns3::empty, ns3::empty, ns3::empty, ns3::empty, ns3::empty, ns3::empty >'],) in wrapper public: virtual retval? ???::RouteInput (params?) = 0;
  is_pure_virtual=True, is_virtual=True)
/home/brook/nsuser/ns-allinone-3.15/ns-3.15/src/olsr/bindings/modulegen__gcc_ILP32.py:5211: Warning: exception TypeLookupError(['ns3::Ipv4RoutingTableEntry'],) in wrapper public: retval? ???::GetDefaultRoute (params?);
  [])
/home/brook/nsuser/ns-allinone-3.15/ns-3.15/src/olsr/bindings/modulegen__gcc_ILP32.py:5221: Warning: exception TypeLookupError(['ns3::Ipv4MulticastRoutingTableEntry'],) in wrapper public: retval? ???::GetMulticastRoute (params?) const;
  is_const=True)
/home/brook/nsuser/ns-allinone-3.15/ns-3.15/src/olsr/bindings/modulegen__gcc_ILP32.py:5236: Warning: exception TypeLookupError(['ns3::Ipv4RoutingTableEntry'],) in wrapper public: retval? ???::GetRoute (params?) const;
  is_const=True)
/home/brook/nsuser/ns-allinone-3.15/ns-3.15/src/olsr/bindings/modulegen__gcc_ILP32.py:5283: Warning: exception TypeLookupError(['ns3::Callback< void, ns3::Ptr< ns3::Ipv4Route >, ns3::Ptr< ns3::Packet const >, ns3::Ipv4Header const &, ns3::empty, ns3::empty, ns3::empty, ns3::empty, ns3::empty, ns3::empty >'],) in wrapper public: virtual retval? ???::RouteInput (params?);
  is_virtual=True)
/home/brook/nsuser/ns-allinone-3.15/ns-3.15/src/olsr/bindings/modulegen__gcc_ILP32.py:5577: Warning: exception TypeLookupError(['ns3::Callback< void, ns3::empty, ns3::empty, ns3::empty, ns3::empty, ns3::empty, ns3::empty, ns3::empty, ns3::empty, ns3::empty >'],) in wrapper public: virtual retval? ???::AddLinkChangeCallback (params?) = 0;
  is_pure_virtual=True, is_virtual=True)
/home/brook/nsuser/ns-allinone-3.15/ns-3.15/src/olsr/bindings/modulegen__gcc_ILP32.py:5592: Warning: exception TypeLookupError(['ns3::Ptr< ns3::Channel >', 'ns3::Channel *'],) in wrapper public: virtual retval? ???::GetChannel (params?) const = 0;
  is_pure_virtual=True, is_const=True, is_virtual=True)
/home/brook/nsuser/ns-allinone-3.15/ns-3.15/src/olsr/bindings/modulegen__gcc_ILP32.py:5687: Warning: exception TypeLookupError(['ns3::Callback< bool, ns3::Ptr< ns3::NetDevice >, ns3::Ptr< ns3::Packet const >, short unsigned int, ns3::Address const &, ns3::Address const &, ns3::NetDevice::PacketType, ns3::empty, ns3::empty, ns3::empty >'],) in wrapper public: virtual retval? ???::SetPromiscReceiveCallback (params?) = 0;
  is_pure_virtual=True, is_virtual=True)
/home/brook/nsuser/ns-allinone-3.15/ns-3.15/src/olsr/bindings/modulegen__gcc_ILP32.py:5692: Warning: exception TypeLookupError(['ns3::Callback< bool, ns3::Ptr< ns3::NetDevice >, ns3::Ptr< ns3::Packet const >, short unsigned int, ns3::Address const &, ns3::empty, ns3::empty, ns3::empty, ns3::empty, ns3::empty >'],) in wrapper public: virtual retval? ???::SetReceiveCallback (params?) = 0;
  is_pure_virtual=True, is_virtual=True)
/home/brook/nsuser/ns-allinone-3.15/ns-3.15/src/olsr/bindings/modulegen__gcc_ILP32.py:5754: Warning: exception TypeLookupError(['ns3::Ptr< ns3::Application >', 'ns3::Application *'],) in wrapper public: retval? ???::AddApplication (params?);
  [param('ns3::Ptr< ns3::Application >', 'application')])
/home/brook/nsuser/ns-allinone-3.15/ns-3.15/src/olsr/bindings/modulegen__gcc_ILP32.py:5768: Warning: exception TypeLookupError(['ns3::Ptr< ns3::Application >', 'ns3::Application *'],) in wrapper public: retval? ???::GetApplication (params?) const;
  is_const=True)
/home/brook/nsuser/ns-allinone-3.15/ns-3.15/src/olsr/bindings/modulegen__gcc_ILP32.py:5802: Warning: exception TypeLookupError(['ns3::Callback< void, ns3::Ptr< ns3::NetDevice >, ns3::empty, ns3::empty, ns3::empty, ns3::empty, ns3::empty, ns3::empty, ns3::empty, ns3::empty >'],) in wrapper public: retval? ???::RegisterDeviceAdditionListener (params?);
  [param('ns3::Callback< void, ns3::Ptr< ns3::NetDevice >, ns3::empty, ns3::empty, ns3::empty, ns3::empty, ns3::empty, ns3::empty, ns3::empty, ns3::empty >', 'listener')])
/home/brook/nsuser/ns-allinone-3.15/ns-3.15/src/olsr/bindings/modulegen__gcc_ILP32.py:5810: Warning: exception TypeLookupError(['ns3::Callback< void, ns3::Ptr< ns3::NetDevice >, ns3::empty, ns3::empty, ns3::empty, ns3::empty, ns3::empty, ns3::empty, ns3::empty, ns3::empty >'],) in wrapper public: retval? ???::UnregisterDeviceAdditionListener (params?);
  [param('ns3::Callback< void, ns3::Ptr< ns3::NetDevice >, ns3::empty, ns3::empty, ns3::empty, ns3::empty, ns3::empty, ns3::empty, ns3::empty, ns3::empty >', 'listener')])
/home/brook/nsuser/ns-allinone-3.15/ns-3.15/src/olsr/bindings/modulegen__gcc_ILP32.py:5918: Warning: exception TypeLookupError(['std::ostream *'],) in wrapper <pybindgen.cppmethod.CppConstructor object at 0x93fa2ac>
  cls.add_constructor([param('std::ostream *', 'os')])
/home/brook/nsuser/ns-allinone-3.15/ns-3.15/src/olsr/bindings/modulegen__gcc_ILP32.py:5922: Warning: exception TypeLookupError(['std::ostream *'],) in wrapper public: retval? ???::GetStream (params?);
  [])
/home/brook/nsuser/ns-allinone-3.15/ns-3.15/src/olsr/bindings/modulegen__gcc_ILP32.py:5934: Warning: exception TypeConfigurationError('direction not given',) in wrapper <pybindgen.cppmethod.CppConstructor object at 0x93ff22c>
  cls.add_constructor([param('uint8_t const *', 'buffer'), param('uint32_t', 'size'), param('bool', 'magic')])
/home/brook/nsuser/ns-allinone-3.15/ns-3.15/src/olsr/bindings/modulegen__gcc_ILP32.py:5936: Warning: exception TypeConfigurationError('direction not given',) in wrapper <pybindgen.cppmethod.CppConstructor object at 0x93ff24c>
  cls.add_constructor([param('uint8_t const *', 'buffer'), param('uint32_t', 'size')])
/home/brook/nsuser/ns-allinone-3.15/ns-3.15/src/olsr/bindings/modulegen__gcc_ILP32.py:5977: Warning: exception TypeConfigurationError('direction not given',) in wrapper public: retval? ???::CopyData (params?) const;
  is_const=True)
/home/brook/nsuser/ns-allinone-3.15/ns-3.15/src/olsr/bindings/modulegen__gcc_ILP32.py:5982: Warning: exception TypeLookupError(['std::ostream *'],) in wrapper public: retval? ???::CopyData (params?) const;
  is_const=True)
/home/brook/nsuser/ns-allinone-3.15/ns-3.15/src/olsr/bindings/modulegen__gcc_ILP32.py:6037: Warning: exception TypeLookupError(['uint8_t *'],) in wrapper public: retval? ???::PeekData (params?) const;
  deprecated=True, is_const=True)
/home/brook/nsuser/ns-allinone-3.15/ns-3.15/src/olsr/bindings/modulegen__gcc_ILP32.py:6056: Warning: exception TypeLookupError(['std::ostream &'],) in wrapper public: retval? ???::Print (params?) const;
  is_const=True)
/home/brook/nsuser/ns-allinone-3.15/ns-3.15/src/olsr/bindings/modulegen__gcc_ILP32.py:6061: Warning: exception TypeLookupError(['std::ostream &'],) in wrapper public: retval? ???::PrintByteTags (params?) const;
  is_const=True)
/home/brook/nsuser/ns-allinone-3.15/ns-3.15/src/olsr/bindings/modulegen__gcc_ILP32.py:6066: Warning: exception TypeLookupError(['std::ostream &'],) in wrapper public: retval? ???::PrintPacketTags (params?) const;
  is_const=True)
/home/brook/nsuser/ns-allinone-3.15/ns-3.15/src/olsr/bindings/modulegen__gcc_ILP32.py:6099: Warning: exception TypeConfigurationError('direction not given',) in wrapper public: retval? ???::Serialize (params?) const;
  is_const=True)
/home/brook/nsuser/ns-allinone-3.15/ns-3.15/src/olsr/bindings/modulegen__gcc_ILP32.py:6447: Warning: exception TypeLookupError(['std::ostream &'],) in wrapper public: virtual retval? ???::Print (params?) const;
  is_const=True, is_virtual=True)
/home/brook/nsuser/ns-allinone-3.15/ns-3.15/src/olsr/bindings/modulegen__gcc_ILP32.py:6502: Warning: exception TypeLookupError(['std::ostream &'],) in wrapper public: retval? ???::Print (params?) const;
  is_const=True)
/home/brook/nsuser/ns-allinone-3.15/ns-3.15/src/olsr/bindings/modulegen__gcc_ILP32.py:6549: Warning: exception TypeLookupError(['std::ostream &'],) in wrapper public: retval? ???::Print (params?) const;
  is_const=True)
/home/brook/nsuser/ns-allinone-3.15/ns-3.15/src/olsr/bindings/modulegen__gcc_ILP32.py:6588: Warning: exception TypeLookupError(['std::ostream &'],) in wrapper public: retval? ???::Print (params?) const;
  is_const=True)
/home/brook/nsuser/ns-allinone-3.15/ns-3.15/src/olsr/bindings/modulegen__gcc_ILP32.py:6616: Warning: exception TypeLookupError(['std::ostream &'],) in wrapper public: retval? ???::Print (params?) const;
  is_const=True)
/home/brook/nsuser/ns-allinone-3.15/ns-3.15/src/olsr/bindings/modulegen__gcc_ILP32.py:6695: Warning: exception TypeLookupError(['std::ostream &'],) in wrapper public: virtual retval? ???::Print (params?) const;
  is_const=True, is_virtual=True)
/home/brook/nsuser/ns-allinone-3.15/ns-3.15/src/olsr/bindings/modulegen__gcc_ILP32.py:6798: Warning: exception TypeLookupError(['ns3::Callback< void, ns3::Ptr< ns3::Ipv4Route >, ns3::Ptr< ns3::Packet const >, ns3::Ipv4Header const &, ns3::empty, ns3::empty, ns3::empty, ns3::empty, ns3::empty, ns3::empty >'],) in wrapper private: virtual retval? ???::RouteInput (params?);
  visibility='private', is_virtual=True)
