>>>>>>>>>>>>>>>> [['void', 'ns3::Ptr<ns3::Packet const>', 'ns3::Ipv4Header const&', 'ns3::Socket::SocketErrno', 'ns3::empty', 'ns3::empty', 'ns3::empty', 'ns3::empty', 'ns3::empty', 'ns3::empty'], ['void', 'ns3::Ptr<ns3::Ipv4Route>', 'ns3::Ptr<ns3::Packet const>', 'ns3::Ipv4Header const&', 'ns3::empty', 'ns3::empty', 'ns3::empty', 'ns3::empty', 'ns3::empty', 'ns3::empty'], ['void', 'ns3::Ptr<ns3::Socket>', 'ns3::empty', 'ns3::empty', 'ns3::empty', 'ns3::empty', 'ns3::empty', 'ns3::empty', 'ns3::empty', 'ns3::empty'], ['void', 'ns3::Ptr<ns3::Socket>', 'unsigned int', 'ns3::empty', 'ns3::empty', 'ns3::empty', 'ns3::empty', 'ns3::empty', 'ns3::empty', 'ns3::empty'], ['void', 'ns3::Ptr<ns3::Socket>', 'ns3::Address const&', 'ns3::empty', 'ns3::empty', 'ns3::empty', 'ns3::empty', 'ns3::empty', 'ns3::empty', 'ns3::empty'], ['bool', 'ns3::Ptr<ns3::Socket>', 'ns3::Address const&', 'ns3::empty', 'ns3::empty', 'ns3::empty', 'ns3::empty', 'ns3::empty', 'ns3::empty', 'ns3::empty'], ['void', 'ns3::Ptr<ns3::NetDevice>', 'ns3::Ptr<ns3::Packet const>', 'unsigned short', 'ns3::Address const&', 'ns3::Address const&', 'ns3::NetDevice::PacketType', 'ns3::empty', 'ns3::empty', 'ns3::empty']]
***** registering callback handler: 'ns3::Callback< void, ns3::Ptr< ns3::Packet const >, ns3::Ipv4Header const &, ns3::Socket::SocketErrno, ns3::empty, ns3::empty, ns3::empty, ns3::empty, ns3::empty, ns3::empty >'
***** registering callback handler: 'ns3::Callback< void, ns3::Ptr< ns3::Ipv4Route >, ns3::Ptr< ns3::Packet const >, ns3::Ipv4Header const &, ns3::empty, ns3::empty, ns3::empty, ns3::empty, ns3::empty, ns3::empty >'
***** registering callback handler: 'ns3::Callback< void, ns3::Ptr< ns3::Socket >, ns3::empty, ns3::empty, ns3::empty, ns3::empty, ns3::empty, ns3::empty, ns3::empty, ns3::empty >'
***** registering callback handler: 'ns3::Callback< void, ns3::Ptr< ns3::Socket >, unsigned int, ns3::empty, ns3::empty, ns3::empty, ns3::empty, ns3::empty, ns3::empty, ns3::empty >'
***** registering callback handler: 'ns3::Callback< void, ns3::Ptr< ns3::Socket >, ns3::Address const &, ns3::empty, ns3::empty, ns3::empty, ns3::empty, ns3::empty, ns3::empty, ns3::empty >'
***** registering callback handler: 'ns3::Callback< bool, ns3::Ptr< ns3::Socket >, ns3::Address const &, ns3::empty, ns3::empty, ns3::empty, ns3::empty, ns3::empty, ns3::empty, ns3::empty >'
***** registering callback handler: 'ns3::Callback< void, ns3::Ptr< ns3::NetDevice >, ns3::Ptr< ns3::Packet const >, unsigned short, ns3::Address const &, ns3::Address const &, ns3::NetDevice::PacketType, ns3::empty, ns3::empty, ns3::empty >'
/home/brook/nsuser/ns-allinone-3.15/ns-3.15/src/dsdv/bindings/modulegen__gcc_ILP32.py:509: Warning: exception TypeConfigurationError('direction not given',) in wrapper <pybindgen.cppmethod.CppConstructor object at 0xa50388c>
  cls.add_constructor([param('uint8_t', 'type'), param('uint8_t const *', 'buffer'), param('uint8_t', 'len')])
/home/brook/nsuser/ns-allinone-3.15/ns-3.15/src/dsdv/bindings/modulegen__gcc_ILP32.py:520: Warning: exception TypeConfigurationError('direction not given',) in wrapper public: retval? ???::CopyAllFrom (params?);
  [param('uint8_t const *', 'buffer'), param('uint8_t', 'len')])
/home/brook/nsuser/ns-allinone-3.15/ns-3.15/src/dsdv/bindings/modulegen__gcc_ILP32.py:525: Warning: exception TypeConfigurationError('direction not given',) in wrapper public: retval? ???::CopyAllTo (params?) const;
  is_const=True)
/home/brook/nsuser/ns-allinone-3.15/ns-3.15/src/dsdv/bindings/modulegen__gcc_ILP32.py:529: Warning: exception TypeConfigurationError('direction not given',) in wrapper public: retval? ???::CopyFrom (params?);
  [param('uint8_t const *', 'buffer'), param('uint8_t', 'len')])
/home/brook/nsuser/ns-allinone-3.15/ns-3.15/src/dsdv/bindings/modulegen__gcc_ILP32.py:534: Warning: exception TypeConfigurationError('direction not given',) in wrapper public: retval? ???::CopyTo (params?) const;
  is_const=True)
/home/brook/nsuser/ns-allinone-3.15/ns-3.15/src/dsdv/bindings/modulegen__gcc_ILP32.py:584: Warning: exception TypeLookupError(['std::_List_const_iterator< ns3::AttributeConstructionList::Item >'],) in wrapper public: retval? ???::Begin (params?) const;
  is_const=True)
/home/brook/nsuser/ns-allinone-3.15/ns-3.15/src/dsdv/bindings/modulegen__gcc_ILP32.py:589: Warning: exception TypeLookupError(['std::_List_const_iterator< ns3::AttributeConstructionList::Item >'],) in wrapper public: retval? ???::End (params?) const;
  is_const=True)
/home/brook/nsuser/ns-allinone-3.15/ns-3.15/src/dsdv/bindings/modulegen__gcc_ILP32.py:640: Warning: exception TypeLookupError(['std::ostream *'],) in wrapper public: retval? ???::CopyData (params?) const;
  is_const=True)
/home/brook/nsuser/ns-allinone-3.15/ns-3.15/src/dsdv/bindings/modulegen__gcc_ILP32.py:645: Warning: exception TypeConfigurationError('direction not given',) in wrapper public: retval? ???::CopyData (params?) const;
  is_const=True)
/home/brook/nsuser/ns-allinone-3.15/ns-3.15/src/dsdv/bindings/modulegen__gcc_ILP32.py:659: Warning: exception TypeConfigurationError('direction not given',) in wrapper public: retval? ???::Deserialize (params?);
  [param('uint8_t const *', 'buffer'), param('uint32_t', 'size')])
/home/brook/nsuser/ns-allinone-3.15/ns-3.15/src/dsdv/bindings/modulegen__gcc_ILP32.py:689: Warning: exception TypeLookupError(['uint8_t *'],) in wrapper public: retval? ???::PeekData (params?) const;
  is_const=True)
/home/brook/nsuser/ns-allinone-3.15/ns-3.15/src/dsdv/bindings/modulegen__gcc_ILP32.py:702: Warning: exception TypeConfigurationError('direction not given',) in wrapper public: retval? ???::Serialize (params?) const;
  is_const=True)
/home/brook/nsuser/ns-allinone-3.15/ns-3.15/src/dsdv/bindings/modulegen__gcc_ILP32.py:757: Warning: exception TypeConfigurationError('direction not given',) in wrapper public: retval? ???::Read (params?);
  [param('uint8_t *', 'buffer'), param('uint32_t', 'size')])
/home/brook/nsuser/ns-allinone-3.15/ns-3.15/src/dsdv/bindings/modulegen__gcc_ILP32.py:801: Warning: exception TypeConfigurationError('direction not given',) in wrapper public: retval? ???::Write (params?);
  [param('uint8_t const *', 'buffer'), param('uint32_t', 'size')])
/home/brook/nsuser/ns-allinone-3.15/ns-3.15/src/dsdv/bindings/modulegen__gcc_ILP32.py:987: Warning: exception TypeLookupError(['ns3::Ptr< ns3::EventImpl > &'],) in wrapper <pybindgen.cppmethod.CppConstructor object at 0xa63876c>
  cls.add_constructor([param('ns3::Ptr< ns3::EventImpl > const &', 'impl'), param('uint64_t', 'ts'), param('uint32_t', 'context'), param('uint32_t', 'uid')])
/home/brook/nsuser/ns-allinone-3.15/ns-3.15/src/dsdv/bindings/modulegen__gcc_ILP32.py:1021: Warning: exception TypeConfigurationError('Either caller_owns_return or self.reference_existing_object must be given',) in wrapper public: retval? ???::PeekEventImpl (params?) const;
  is_const=True)
/home/brook/nsuser/ns-allinone-3.15/ns-3.15/src/dsdv/bindings/modulegen__gcc_ILP32.py:1100: Warning: exception TypeConfigurationError('direction not given',) in wrapper public: retval? ???::Deserialize (params?);
  is_static=True)
/home/brook/nsuser/ns-allinone-3.15/ns-3.15/src/dsdv/bindings/modulegen__gcc_ILP32.py:1165: Warning: exception TypeLookupError(['std::ostream &'],) in wrapper public: retval? ???::Print (params?) const;
  is_const=True)
/home/brook/nsuser/ns-allinone-3.15/ns-3.15/src/dsdv/bindings/modulegen__gcc_ILP32.py:1170: Warning: exception TypeConfigurationError('direction not given',) in wrapper public: retval? ???::Serialize (params?) const;
  is_const=True)
/home/brook/nsuser/ns-allinone-3.15/ns-3.15/src/dsdv/bindings/modulegen__gcc_ILP32.py:1298: Warning: exception TypeLookupError(['std::ostream &'],) in wrapper public: retval? ???::Print (params?) const;
  is_const=True)
/home/brook/nsuser/ns-allinone-3.15/ns-3.15/src/dsdv/bindings/modulegen__gcc_ILP32.py:1314: Warning: exception TypeConfigurationError('Either caller_owns_return or self.reference_existing_object must be given',) in wrapper public: virtual retval? ???::Copy (params?) const = 0;
  is_pure_virtual=True, is_const=True, is_virtual=True)
/home/brook/nsuser/ns-allinone-3.15/ns-3.15/src/dsdv/bindings/modulegen__gcc_ILP32.py:1352: Warning: exception TypeConfigurationError('direction not given',) in wrapper <pybindgen.cppmethod.CppConstructor object at 0xa6fb44c>
  cls.add_constructor([param('uint8_t *', 'address')])
/home/brook/nsuser/ns-allinone-3.15/ns-3.15/src/dsdv/bindings/modulegen__gcc_ILP32.py:1370: Warning: exception TypeConfigurationError('direction not given',) in wrapper public: retval? ???::Deserialize (params?);
  is_static=True)
/home/brook/nsuser/ns-allinone-3.15/ns-3.15/src/dsdv/bindings/modulegen__gcc_ILP32.py:1395: Warning: exception TypeConfigurationError('direction not given',) in wrapper public: retval? ???::GetBytes (params?) const;
  is_const=True)
/home/brook/nsuser/ns-allinone-3.15/ns-3.15/src/dsdv/bindings/modulegen__gcc_ILP32.py:1479: Warning: exception TypeLookupError(['ns3::Mac48Address'],) in wrapper public: retval? ???::MakeAutoconfiguredAddress (params?);
  is_static=True)
/home/brook/nsuser/ns-allinone-3.15/ns-3.15/src/dsdv/bindings/modulegen__gcc_ILP32.py:1484: Warning: exception TypeLookupError(['ns3::Mac48Address'],) in wrapper public: retval? ???::MakeAutoconfiguredLinkLocalAddress (params?);
  is_static=True)
/home/brook/nsuser/ns-allinone-3.15/ns-3.15/src/dsdv/bindings/modulegen__gcc_ILP32.py:1499: Warning: exception TypeLookupError(['std::ostream &'],) in wrapper public: retval? ???::Print (params?) const;
  is_const=True)
/home/brook/nsuser/ns-allinone-3.15/ns-3.15/src/dsdv/bindings/modulegen__gcc_ILP32.py:1504: Warning: exception TypeConfigurationError('direction not given',) in wrapper public: retval? ???::Serialize (params?) const;
  is_const=True)
/home/brook/nsuser/ns-allinone-3.15/ns-3.15/src/dsdv/bindings/modulegen__gcc_ILP32.py:1512: Warning: exception TypeConfigurationError('direction not given',) in wrapper public: retval? ???::Set (params?);
  [param('uint8_t *', 'address')])
/home/brook/nsuser/ns-allinone-3.15/ns-3.15/src/dsdv/bindings/modulegen__gcc_ILP32.py:1577: Warning: exception TypeConfigurationError('direction not given',) in wrapper <pybindgen.cppmethod.CppConstructor object at 0xa72cb2c>
  cls.add_constructor([param('uint8_t *', 'prefix')])
/home/brook/nsuser/ns-allinone-3.15/ns-3.15/src/dsdv/bindings/modulegen__gcc_ILP32.py:1590: Warning: exception TypeConfigurationError('direction not given',) in wrapper public: retval? ???::GetBytes (params?) const;
  is_const=True)
/home/brook/nsuser/ns-allinone-3.15/ns-3.15/src/dsdv/bindings/modulegen__gcc_ILP32.py:1625: Warning: exception TypeLookupError(['std::ostream &'],) in wrapper public: retval? ???::Print (params?) const;
  is_const=True)
/home/brook/nsuser/ns-allinone-3.15/ns-3.15/src/dsdv/bindings/modulegen__gcc_ILP32.py:1661: Warning: exception TypeLookupError(['__gnu_cxx::__normal_iterator< ns3::Ptr< ns3::Node > const, std::vector< ns3::Ptr< ns3::Node > > >'],) in wrapper public: retval? ???::Begin (params?) const;
  is_const=True)
/home/brook/nsuser/ns-allinone-3.15/ns-3.15/src/dsdv/bindings/modulegen__gcc_ILP32.py:1674: Warning: exception TypeLookupError(['__gnu_cxx::__normal_iterator< ns3::Ptr< ns3::Node > const, std::vector< ns3::Ptr< ns3::Node > > >'],) in wrapper public: retval? ???::End (params?) const;
  is_const=True)
/home/brook/nsuser/ns-allinone-3.15/ns-3.15/src/dsdv/bindings/modulegen__gcc_ILP32.py:1762: Warning: exception TypeConfigurationError('Missing transfer_ownership option',) in wrapper public: retval? ???::Delete (params?);
  is_static=True)
/home/brook/nsuser/ns-allinone-3.15/ns-3.15/src/dsdv/bindings/modulegen__gcc_ILP32.py:1835: Warning: exception TypeConfigurationError('direction not given',) in wrapper public: retval? ???::Deserialize (params?);
  [param('uint8_t const *', 'buffer'), param('uint32_t', 'size')])
/home/brook/nsuser/ns-allinone-3.15/ns-3.15/src/dsdv/bindings/modulegen__gcc_ILP32.py:1876: Warning: exception TypeConfigurationError('direction not given',) in wrapper public: retval? ???::Serialize (params?) const;
  is_const=True)
bindings/python/ns3modulegen-modular.py:27: UserWarning: exception TypeLookupError(['uint8_t [ 20 ]'],) in wrapper None
  warnings.warn("exception %r in wrapper %s" % (exception, wrapper))
bindings/python/ns3modulegen-modular.py:27: UserWarning: exception TypeConfigurationError('Either caller_owns_return or self.reference_existing_object must be given',) in wrapper None
  warnings.warn("exception %r in wrapper %s" % (exception, wrapper))
/home/brook/nsuser/ns-allinone-3.15/ns-3.15/src/dsdv/bindings/modulegen__gcc_ILP32.py:2027: Warning: exception TypeLookupError(['ns3::Ptr< ns3::SimulatorImpl >', 'ns3::SimulatorImpl *'],) in wrapper public: retval? ???::GetImplementation (params?);
  is_static=True)
/home/brook/nsuser/ns-allinone-3.15/ns-3.15/src/dsdv/bindings/modulegen__gcc_ILP32.py:2062: Warning: exception TypeLookupError(['ns3::Ptr< ns3::SimulatorImpl >', 'ns3::SimulatorImpl *'],) in wrapper public: retval? ???::SetImplementation (params?);
  is_static=True)
/home/brook/nsuser/ns-allinone-3.15/ns-3.15/src/dsdv/bindings/modulegen__gcc_ILP32.py:2104: Warning: exception TypeLookupError(['std::ostream &'],) in wrapper public: virtual retval? ???::Print (params?) const = 0;
  is_pure_virtual=True, is_const=True, is_virtual=True)
/home/brook/nsuser/ns-allinone-3.15/ns-3.15/src/dsdv/bindings/modulegen__gcc_ILP32.py:2116: Warning: exception TypeConfigurationError('direction not given',) in wrapper <pybindgen.cppmethod.CppConstructor object at 0xa87716c>
  cls.add_constructor([param('uint8_t *', 'start'), param('uint8_t *', 'end')])
/home/brook/nsuser/ns-allinone-3.15/ns-3.15/src/dsdv/bindings/modulegen__gcc_ILP32.py:2124: Warning: exception TypeConfigurationError('direction not given',) in wrapper public: retval? ???::Read (params?);
  [param('uint8_t *', 'buffer'), param('uint32_t', 'size')])
/home/brook/nsuser/ns-allinone-3.15/ns-3.15/src/dsdv/bindings/modulegen__gcc_ILP32.py:2152: Warning: exception TypeConfigurationError('direction not given',) in wrapper public: retval? ???::Write (params?);
  [param('uint8_t const *', 'buffer'), param('uint32_t', 'size')])
/home/brook/nsuser/ns-allinone-3.15/ns-3.15/src/dsdv/bindings/modulegen__gcc_ILP32.py:2301: Warning: exception TypeLookupError(['ns3::Callback< ns3::ObjectBase *, ns3::empty, ns3::empty, ns3::empty, ns3::empty, ns3::empty, ns3::empty, ns3::empty, ns3::empty, ns3::empty >'],) in wrapper public: retval? ???::GetConstructor (params?) const;
  is_const=True)
bindings/python/ns3modulegen-modular.py:27: UserWarning: exception TypeLookupError(['short unsigned int'],) in wrapper None
  warnings.warn("exception %r in wrapper %s" % (exception, wrapper))
/home/brook/nsuser/ns-allinone-3.15/ns-3.15/src/dsdv/bindings/modulegen__gcc_ILP32.py:2566: Warning: exception TypeLookupError(['std::ostream &'],) in wrapper public: virtual retval? ???::Print (params?) const = 0;
  is_pure_virtual=True, is_const=True, is_virtual=True)
/home/brook/nsuser/ns-allinone-3.15/ns-3.15/src/dsdv/bindings/modulegen__gcc_ILP32.py:2578: Warning: exception TypeConfigurationError('Either caller_owns_return or self.reference_existing_object must be given',) in wrapper public: virtual retval? ???::Copy (params?) const;
  is_const=True, is_virtual=True)
/home/brook/nsuser/ns-allinone-3.15/ns-3.15/src/dsdv/bindings/modulegen__gcc_ILP32.py:2615: Warning: exception TypeLookupError(['std::ostream &'],) in wrapper public: virtual retval? ???::Print (params?) const = 0;
  is_pure_virtual=True, is_const=True, is_virtual=True)
/home/brook/nsuser/ns-allinone-3.15/ns-3.15/src/dsdv/bindings/modulegen__gcc_ILP32.py:2731: Warning: exception TypeLookupError(['std::ostream &'],) in wrapper public: virtual retval? ???::Print (params?) const;
  is_const=True, is_virtual=True)
/home/brook/nsuser/ns-allinone-3.15/ns-3.15/src/dsdv/bindings/modulegen__gcc_ILP32.py:2859: Warning: exception TypeLookupError(['std::ostream &'],) in wrapper public: virtual retval? ???::Print (params?) const;
  is_const=True, is_virtual=True)
/home/brook/nsuser/ns-allinone-3.15/ns-3.15/src/dsdv/bindings/modulegen__gcc_ILP32.py:3001: Warning: exception TypeLookupError(['ns3::RngStream *'],) in wrapper protected: retval? ???::Peek (params?) const;
  is_const=True, visibility='protected')
/home/brook/nsuser/ns-allinone-3.15/ns-3.15/src/dsdv/bindings/modulegen__gcc_ILP32.py:3282: Warning: exception TypeConfigurationError('direction not given',) in wrapper public: retval? ???::Recv (params?);
  [param('uint8_t *', 'buf'), param('uint32_t', 'size'), param('uint32_t', 'flags')])
/home/brook/nsuser/ns-allinone-3.15/ns-3.15/src/dsdv/bindings/modulegen__gcc_ILP32.py:3295: Warning: exception TypeConfigurationError('direction not given',) in wrapper public: retval? ???::RecvFrom (params?);
  [param('uint8_t *', 'buf'), param('uint32_t', 'size'), param('uint32_t', 'flags'), param('ns3::Address &', 'fromAddress')])
/home/brook/nsuser/ns-allinone-3.15/ns-3.15/src/dsdv/bindings/modulegen__gcc_ILP32.py:3308: Warning: exception TypeConfigurationError('direction not given',) in wrapper public: retval? ???::Send (params?);
  [param('uint8_t const *', 'buf'), param('uint32_t', 'size'), param('uint32_t', 'flags')])
/home/brook/nsuser/ns-allinone-3.15/ns-3.15/src/dsdv/bindings/modulegen__gcc_ILP32.py:3317: Warning: exception TypeConfigurationError('direction not given',) in wrapper public: retval? ???::SendTo (params?);
  [param('uint8_t const *', 'buf'), param('uint32_t', 'size'), param('uint32_t', 'flags'), param('ns3::Address const &', 'address')])
/home/brook/nsuser/ns-allinone-3.15/ns-3.15/src/dsdv/bindings/modulegen__gcc_ILP32.py:3447: Warning: exception TypeLookupError(['std::ostream &'],) in wrapper public: virtual retval? ???::Print (params?) const;
  is_const=True, is_virtual=True)
/home/brook/nsuser/ns-allinone-3.15/ns-3.15/src/dsdv/bindings/modulegen__gcc_ILP32.py:3493: Warning: exception TypeLookupError(['std::ostream &'],) in wrapper public: virtual retval? ???::Print (params?) const;
  is_const=True, is_virtual=True)
/home/brook/nsuser/ns-allinone-3.15/ns-3.15/src/dsdv/bindings/modulegen__gcc_ILP32.py:3547: Warning: exception TypeLookupError(['std::ostream &'],) in wrapper public: virtual retval? ???::Print (params?) const;
  is_const=True, is_virtual=True)
/home/brook/nsuser/ns-allinone-3.15/ns-3.15/src/dsdv/bindings/modulegen__gcc_ILP32.py:3763: Warning: exception TypeLookupError(['std::ostream &'],) in wrapper public: virtual retval? ???::Print (params?) const = 0;
  is_pure_virtual=True, is_const=True, is_virtual=True)
/home/brook/nsuser/ns-allinone-3.15/ns-3.15/src/dsdv/bindings/modulegen__gcc_ILP32.py:4364: Warning: exception TypeLookupError(['ns3::Callback< void, ns3::Ptr< ns3::Packet >, ns3::Ipv4Address, ns3::Ipv4Address, unsigned char, ns3::Ptr< ns3::Ipv4Route >, ns3::empty, ns3::empty, ns3::empty, ns3::empty >'],) in wrapper public: virtual retval? ???::GetDownTarget (params?) const = 0;
  is_pure_virtual=True, is_const=True, is_virtual=True)
/home/brook/nsuser/ns-allinone-3.15/ns-3.15/src/dsdv/bindings/modulegen__gcc_ILP32.py:4369: Warning: exception TypeLookupError(['ns3::Callback< void, ns3::Ptr< ns3::Packet >, ns3::Ipv6Address, ns3::Ipv6Address, unsigned char, ns3::Ptr< ns3::Ipv6Route >, ns3::empty, ns3::empty, ns3::empty, ns3::empty >'],) in wrapper public: virtual retval? ???::GetDownTarget6 (params?) const = 0;
  is_pure_virtual=True, is_const=True, is_virtual=True)
/home/brook/nsuser/ns-allinone-3.15/ns-3.15/src/dsdv/bindings/modulegen__gcc_ILP32.py:4394: Warning: exception TypeConfigurationError('direction not given',) in wrapper public: virtual retval? ???::ReceiveIcmp (params?);
  is_virtual=True)
/home/brook/nsuser/ns-allinone-3.15/ns-3.15/src/dsdv/bindings/modulegen__gcc_ILP32.py:4399: Warning: exception TypeConfigurationError('direction not given',) in wrapper public: virtual retval? ???::ReceiveIcmp (params?);
  is_virtual=True)
/home/brook/nsuser/ns-allinone-3.15/ns-3.15/src/dsdv/bindings/modulegen__gcc_ILP32.py:4404: Warning: exception TypeLookupError(['ns3::Callback< void, ns3::Ptr< ns3::Packet >, ns3::Ipv4Address, ns3::Ipv4Address, unsigned char, ns3::Ptr< ns3::Ipv4Route >, ns3::empty, ns3::empty, ns3::empty, ns3::empty >'],) in wrapper public: virtual retval? ???::SetDownTarget (params?) = 0;
  is_pure_virtual=True, is_virtual=True)
/home/brook/nsuser/ns-allinone-3.15/ns-3.15/src/dsdv/bindings/modulegen__gcc_ILP32.py:4409: Warning: exception TypeLookupError(['ns3::Callback< void, ns3::Ptr< ns3::Packet >, ns3::Ipv6Address, ns3::Ipv6Address, unsigned char, ns3::Ptr< ns3::Ipv6Route >, ns3::empty, ns3::empty, ns3::empty, ns3::empty >'],) in wrapper public: virtual retval? ???::SetDownTarget6 (params?) = 0;
  is_pure_virtual=True, is_virtual=True)
/home/brook/nsuser/ns-allinone-3.15/ns-3.15/src/dsdv/bindings/modulegen__gcc_ILP32.py:4644: Warning: exception TypeLookupError(['ns3::Ptr< ns3::ArpCache >', 'ns3::ArpCache *'],) in wrapper public: retval? ???::GetArpCache (params?) const;
  is_const=True)
/home/brook/nsuser/ns-allinone-3.15/ns-3.15/src/dsdv/bindings/modulegen__gcc_ILP32.py:4691: Warning: exception TypeLookupError(['ns3::Ptr< ns3::ArpCache >', 'ns3::ArpCache *'],) in wrapper public: retval? ???::SetArpCache (params?);
  [param('ns3::Ptr< ns3::ArpCache >', 'arg0')])
/home/brook/nsuser/ns-allinone-3.15/ns-3.15/src/dsdv/bindings/modulegen__gcc_ILP32.py:5101: Warning: exception TypeLookupError(['ns3::Callback< void, ns3::Ptr< ns3::Ipv4MulticastRoute >, ns3::Ptr< ns3::Packet const >, ns3::Ipv4Header const &, ns3::empty, ns3::empty, ns3::empty, ns3::empty, ns3::empty, ns3::empty >'],) in wrapper public: virtual retval? ???::RouteInput (params?) = 0;
  is_pure_virtual=True, is_virtual=True)
/home/brook/nsuser/ns-allinone-3.15/ns-3.15/src/dsdv/bindings/modulegen__gcc_ILP32.py:5382: Warning: exception TypeLookupError(['ns3::Callback< void, ns3::empty, ns3::empty, ns3::empty, ns3::empty, ns3::empty, ns3::empty, ns3::empty, ns3::empty, ns3::empty >'],) in wrapper public: virtual retval? ???::AddLinkChangeCallback (params?) = 0;
  is_pure_virtual=True, is_virtual=True)
/home/brook/nsuser/ns-allinone-3.15/ns-3.15/src/dsdv/bindings/modulegen__gcc_ILP32.py:5397: Warning: exception TypeLookupError(['ns3::Ptr< ns3::Channel >', 'ns3::Channel *'],) in wrapper public: virtual retval? ???::GetChannel (params?) const = 0;
  is_pure_virtual=True, is_const=True, is_virtual=True)
/home/brook/nsuser/ns-allinone-3.15/ns-3.15/src/dsdv/bindings/modulegen__gcc_ILP32.py:5492: Warning: exception TypeLookupError(['ns3::Callback< bool, ns3::Ptr< ns3::NetDevice >, ns3::Ptr< ns3::Packet const >, short unsigned int, ns3::Address const &, ns3::Address const &, ns3::NetDevice::PacketType, ns3::empty, ns3::empty, ns3::empty >'],) in wrapper public: virtual retval? ???::SetPromiscReceiveCallback (params?) = 0;
  is_pure_virtual=True, is_virtual=True)
/home/brook/nsuser/ns-allinone-3.15/ns-3.15/src/dsdv/bindings/modulegen__gcc_ILP32.py:5497: Warning: exception TypeLookupError(['ns3::Callback< bool, ns3::Ptr< ns3::NetDevice >, ns3::Ptr< ns3::Packet const >, short unsigned int, ns3::Address const &, ns3::empty, ns3::empty, ns3::empty, ns3::empty, ns3::empty >'],) in wrapper public: virtual retval? ???::SetReceiveCallback (params?) = 0;
  is_pure_virtual=True, is_virtual=True)
/home/brook/nsuser/ns-allinone-3.15/ns-3.15/src/dsdv/bindings/modulegen__gcc_ILP32.py:5559: Warning: exception TypeLookupError(['ns3::Ptr< ns3::Application >', 'ns3::Application *'],) in wrapper public: retval? ???::AddApplication (params?);
  [param('ns3::Ptr< ns3::Application >', 'application')])
/home/brook/nsuser/ns-allinone-3.15/ns-3.15/src/dsdv/bindings/modulegen__gcc_ILP32.py:5573: Warning: exception TypeLookupError(['ns3::Ptr< ns3::Application >', 'ns3::Application *'],) in wrapper public: retval? ???::GetApplication (params?) const;
  is_const=True)
/home/brook/nsuser/ns-allinone-3.15/ns-3.15/src/dsdv/bindings/modulegen__gcc_ILP32.py:5607: Warning: exception TypeLookupError(['ns3::Callback< void, ns3::Ptr< ns3::NetDevice >, ns3::empty, ns3::empty, ns3::empty, ns3::empty, ns3::empty, ns3::empty, ns3::empty, ns3::empty >'],) in wrapper public: retval? ???::RegisterDeviceAdditionListener (params?);
  [param('ns3::Callback< void, ns3::Ptr< ns3::NetDevice >, ns3::empty, ns3::empty, ns3::empty, ns3::empty, ns3::empty, ns3::empty, ns3::empty, ns3::empty >', 'listener')])
/home/brook/nsuser/ns-allinone-3.15/ns-3.15/src/dsdv/bindings/modulegen__gcc_ILP32.py:5615: Warning: exception TypeLookupError(['ns3::Callback< void, ns3::Ptr< ns3::NetDevice >, ns3::empty, ns3::empty, ns3::empty, ns3::empty, ns3::empty, ns3::empty, ns3::empty, ns3::empty >'],) in wrapper public: retval? ???::UnregisterDeviceAdditionListener (params?);
  [param('ns3::Callback< void, ns3::Ptr< ns3::NetDevice >, ns3::empty, ns3::empty, ns3::empty, ns3::empty, ns3::empty, ns3::empty, ns3::empty, ns3::empty >', 'listener')])
/home/brook/nsuser/ns-allinone-3.15/ns-3.15/src/dsdv/bindings/modulegen__gcc_ILP32.py:5723: Warning: exception TypeLookupError(['std::ostream *'],) in wrapper <pybindgen.cppmethod.CppConstructor object at 0xb0ac32c>
  cls.add_constructor([param('std::ostream *', 'os')])
/home/brook/nsuser/ns-allinone-3.15/ns-3.15/src/dsdv/bindings/modulegen__gcc_ILP32.py:5727: Warning: exception TypeLookupError(['std::ostream *'],) in wrapper public: retval? ???::GetStream (params?);
  [])
/home/brook/nsuser/ns-allinone-3.15/ns-3.15/src/dsdv/bindings/modulegen__gcc_ILP32.py:5739: Warning: exception TypeConfigurationError('direction not given',) in wrapper <pybindgen.cppmethod.CppConstructor object at 0xb0b02ac>
  cls.add_constructor([param('uint8_t const *', 'buffer'), param('uint32_t', 'size'), param('bool', 'magic')])
/home/brook/nsuser/ns-allinone-3.15/ns-3.15/src/dsdv/bindings/modulegen__gcc_ILP32.py:5741: Warning: exception TypeConfigurationError('direction not given',) in wrapper <pybindgen.cppmethod.CppConstructor object at 0xb0b02cc>
  cls.add_constructor([param('uint8_t const *', 'buffer'), param('uint32_t', 'size')])
/home/brook/nsuser/ns-allinone-3.15/ns-3.15/src/dsdv/bindings/modulegen__gcc_ILP32.py:5782: Warning: exception TypeConfigurationError('direction not given',) in wrapper public: retval? ???::CopyData (params?) const;
  is_const=True)
/home/brook/nsuser/ns-allinone-3.15/ns-3.15/src/dsdv/bindings/modulegen__gcc_ILP32.py:5787: Warning: exception TypeLookupError(['std::ostream *'],) in wrapper public: retval? ???::CopyData (params?) const;
  is_const=True)
/home/brook/nsuser/ns-allinone-3.15/ns-3.15/src/dsdv/bindings/modulegen__gcc_ILP32.py:5842: Warning: exception TypeLookupError(['uint8_t *'],) in wrapper public: retval? ???::PeekData (params?) const;
  deprecated=True, is_const=True)
/home/brook/nsuser/ns-allinone-3.15/ns-3.15/src/dsdv/bindings/modulegen__gcc_ILP32.py:5861: Warning: exception TypeLookupError(['std::ostream &'],) in wrapper public: retval? ???::Print (params?) const;
  is_const=True)
/home/brook/nsuser/ns-allinone-3.15/ns-3.15/src/dsdv/bindings/modulegen__gcc_ILP32.py:5866: Warning: exception TypeLookupError(['std::ostream &'],) in wrapper public: retval? ???::PrintByteTags (params?) const;
  is_const=True)
/home/brook/nsuser/ns-allinone-3.15/ns-3.15/src/dsdv/bindings/modulegen__gcc_ILP32.py:5871: Warning: exception TypeLookupError(['std::ostream &'],) in wrapper public: retval? ???::PrintPacketTags (params?) const;
  is_const=True)
/home/brook/nsuser/ns-allinone-3.15/ns-3.15/src/dsdv/bindings/modulegen__gcc_ILP32.py:5904: Warning: exception TypeConfigurationError('direction not given',) in wrapper public: retval? ???::Serialize (params?) const;
  is_const=True)
/home/brook/nsuser/ns-allinone-3.15/ns-3.15/src/dsdv/bindings/modulegen__gcc_ILP32.py:6119: Warning: exception TypeLookupError(['std::ostream &'],) in wrapper public: virtual retval? ???::Print (params?) const;
  is_const=True, is_virtual=True)
/home/brook/nsuser/ns-allinone-3.15/ns-3.15/src/dsdv/bindings/modulegen__gcc_ILP32.py:6207: Warning: exception TypeLookupError(['ns3::Callback< void, ns3::Ptr< ns3::Packet const >, ns3::Ipv4Header const &, ns3::Socket::SocketErrno, ns3::empty, ns3::empty, ns3::empty, ns3::empty, ns3::empty, ns3::empty >'],) in wrapper public: retval? ???::GetErrorCallback (params?) const;
  is_const=True)
/home/brook/nsuser/ns-allinone-3.15/ns-3.15/src/dsdv/bindings/modulegen__gcc_ILP32.py:6227: Warning: exception TypeLookupError(['ns3::Callback< void, ns3::Ptr< ns3::Ipv4Route >, ns3::Ptr< ns3::Packet const >, ns3::Ipv4Header const &, ns3::empty, ns3::empty, ns3::empty, ns3::empty, ns3::empty, ns3::empty >'],) in wrapper public: retval? ???::GetUnicastForwardCallback (params?) const;
  is_const=True)
/home/brook/nsuser/ns-allinone-3.15/ns-3.15/src/dsdv/bindings/modulegen__gcc_ILP32.py:6313: Warning: exception TypeLookupError(['ns3::Callback< void, ns3::Ptr< ns3::Ipv4MulticastRoute >, ns3::Ptr< ns3::Packet const >, ns3::Ipv4Header const &, ns3::empty, ns3::empty, ns3::empty, ns3::empty, ns3::empty, ns3::empty >'],) in wrapper public: virtual retval? ???::RouteInput (params?);
  is_virtual=True)
/home/brook/nsuser/ns-allinone-3.15/ns-3.15/src/dsdv/bindings/modulegen__gcc_ILP32.py:6429: Warning: exception TypeLookupError(['u_int32_t'],) in wrapper <pybindgen.cppmethod.CppConstructor object at 0xb243d2c>
  cls.add_constructor([param('ns3::Ptr< ns3::NetDevice >', 'dev', default_value='0'), param('ns3::Ipv4Address', 'dst', default_value='ns3::Ipv4Address()'), param('u_int32_t', 'm_seqNo', default_value='0'), param('ns3::Ipv4InterfaceAddress', 'iface', default_value='ns3::Ipv4InterfaceAddress()'), param('u_int32_t', 'hops', default_value='0'), param('ns3::Ipv4Address', 'nextHop', default_value='ns3::Ipv4Address()'), param('ns3::Time', 'lifetime', default_value='ns3::Simulator::Now( )'), param('ns3::Time', 'SettlingTime', default_value='ns3::Simulator::Now( )'), param('bool', 'changedEntries', default_value='false')])
